#-----------------------------------------------------------
# Vivado v2021.2 (64-bit)
# SW Build 3367213 on Tue Oct 19 02:48:09 MDT 2021
# IP Build 3369179 on Thu Oct 21 08:25:16 MDT 2021
# Start of session at: Tue Feb 20 14:49:59 2024
# Process ID: 13392
# Current directory: C:/Users/reese_ford1/Documents/GitHub/ARM-Lab/ARM-Project
# Command line: vivado.exe -gui_launcher_event rodinguilauncherevent11444 C:\Users\reese_ford1\Documents\GitHub\ARM-Lab\ARM-Project\ARM-Project.xpr
# Log file: C:/Users/reese_ford1/Documents/GitHub/ARM-Lab/ARM-Project/vivado.log
# Journal file: C:/Users/reese_ford1/Documents/GitHub/ARM-Lab/ARM-Project\vivado.jou
# Running On: ROG-112-05, OS: Windows, CPU Frequency: 3192 MHz, CPU Physical cores: 6, Host memory: 34145 MB
#-----------------------------------------------------------
start_gui
open_project C:/Users/reese_ford1/Documents/GitHub/ARM-Lab/ARM-Project/ARM-Project.xpr
WARNING: [Board 49-26] cannot add Board Part xilinx.com:vck190_es:part0:1.3 available at C:/XilinxVitis/Vivado/2021.2/data/xhub/boards/XilinxBoardStore/boards/Xilinx/vck190/es/1.3/board.xml as part xcvc1902-vsva2197-2mp-e-s-es1 specified in board_part file is either invalid or not available
WARNING: [Board 49-26] cannot add Board Part xilinx.com:vmk180_es:part0:1.3 available at C:/XilinxVitis/Vivado/2021.2/data/xhub/boards/XilinxBoardStore/boards/Xilinx/vmk180/es/1.3/board.xml as part xcvm1802-vsva2197-2mp-e-s-es1 specified in board_part file is either invalid or not available
WARNING: [Board 49-26] cannot add Board Part xilinx.com:vpk120_es:part0:1.2 available at C:/XilinxVitis/Vivado/2021.2/data/xhub/boards/XilinxBoardStore/boards/Xilinx/vpk120/es/1.2/board.xml as part xcvp1202-vsva2785-2mp-e-s-es1 specified in board_part file is either invalid or not available
WARNING: [Board 49-26] cannot add Board Part xilinx.com:zcu208ld:part0:2.0 available at C:/XilinxVitis/Vivado/2021.2/data/xhub/boards/XilinxBoardStore/boards/Xilinx/zcu208ld/production/2.0/board.xml as part xczu58dr-fsvg1517-2-i specified in board_part file is either invalid or not available
WARNING: [Board 49-26] cannot add Board Part xilinx.com:zcu208ld_es:part0:1.0 available at C:/XilinxVitis/Vivado/2021.2/data/xhub/boards/XilinxBoardStore/boards/Xilinx/zcu208ld/es/1.0/board.xml as part xczu58dr-fsvg1517-2-i-es1 specified in board_part file is either invalid or not available
WARNING: [Board 49-26] cannot add Board Part xilinx.com:zcu216ld:part0:2.0 available at C:/XilinxVitis/Vivado/2021.2/data/xhub/boards/XilinxBoardStore/boards/Xilinx/zcu216ld/production/2.0/board.xml as part xczu59dr-ffvf1760-2-i specified in board_part file is either invalid or not available
WARNING: [Board 49-26] cannot add Board Part xilinx.com:zcu216ld_es:part0:1.0 available at C:/XilinxVitis/Vivado/2021.2/data/xhub/boards/XilinxBoardStore/boards/Xilinx/zcu216ld/es/1.0/board.xml as part xczu59dr-ffvf1760-2-i-es1 specified in board_part file is either invalid or not available
WARNING: [Board 49-26] cannot add Board Part xilinx.com:zcu670:part0:1.0 available at C:/XilinxVitis/Vivado/2021.2/data/xhub/boards/XilinxBoardStore/boards/Xilinx/zcu670/1.0/board.xml as part xczu67dr-fsve1156-2-i specified in board_part file is either invalid or not available
INFO: [filemgmt 56-3] Default IP Output Path : Could not find the directory 'C:/Users/reese_ford1/Documents/GitHub/ARM-Lab/ARM-Project/ARM-Project.gen/sources_1'.
Scanning sources...
Finished scanning sources
INFO: [IP_Flow 19-234] Refreshing IP repositories
INFO: [IP_Flow 19-1704] No user IP repositories specified
INFO: [IP_Flow 19-2313] Loaded Vivado IP repository 'C:/XilinxVitis/Vivado/2021.2/data/ip'.
open_project: Time (s): cpu = 00:00:16 ; elapsed = 00:00:07 . Memory (MB): peak = 1530.082 ; gain = 0.000
update_compile_order -fileset sources_1
launch_simulation
Command: launch_simulation 
INFO: [Vivado 12-12493] Simulation top is 'sign_extender_test'
WARNING: [Vivado 12-12986] Compiled library path does not exist: ''
INFO: [Vivado 12-5682] Launching behavioral simulation in 'C:/Users/reese_ford1/Documents/GitHub/ARM-Lab/ARM-Project/ARM-Project.sim/sim_1/behav/xsim'
INFO: [SIM-utils-51] Simulation object is 'sim_1'
INFO: [SIM-utils-72] Using boost library from 'C:/XilinxVitis/Vivado/2021.2/tps/boost_1_72_0'
INFO: [SIM-utils-54] Inspecting design source files for 'sign_extender_test' in fileset 'sim_1'...
INFO: [USF-XSim-97] Finding global include files...
INFO: [USF-XSim-98] Fetching design files from 'sim_1'...
INFO: [USF-XSim-2] XSim::Compile design
INFO: [USF-XSim-61] Executing 'COMPILE and ANALYZE' step in 'C:/Users/reese_ford1/Documents/GitHub/ARM-Lab/ARM-Project/ARM-Project.sim/sim_1/behav/xsim'
"xvlog --incr --relax -L uvm -prj sign_extender_test_vlog.prj"
INFO: [VRFC 10-2263] Analyzing Verilog file "C:/Users/reese_ford1/Documents/GitHub/ARM-Lab/ARM-Lab/code/2_decode/sign_extender.v" into library xil_defaultlib
INFO: [VRFC 10-311] analyzing module sign_extender
INFO: [VRFC 10-2263] Analyzing SystemVerilog file "C:/Users/reese_ford1/Documents/GitHub/ARM-Lab/ARM-Lab/code/0_common/verification_functions.sv" into library xil_defaultlib
INFO: [VRFC 10-2263] Analyzing SystemVerilog file "C:/Users/reese_ford1/Documents/GitHub/ARM-Lab/ARM-Lab/code/2_decode/sign_extender_test.sv" into library xil_defaultlib
WARNING: [VRFC 10-3264] design element 'verification' is previously defined, ignoring this definition [../../../../../ARM-Lab/code/0_common/verification_functions.sv:3]
INFO: [VRFC 10-311] analyzing module sign_extender_test
INFO: [VRFC 10-2263] Analyzing Verilog file "C:/Users/reese_ford1/Documents/GitHub/ARM-Lab/ARM-Project/ARM-Project.sim/sim_1/behav/xsim/glbl.v" into library xil_defaultlib
INFO: [VRFC 10-311] analyzing module glbl
INFO: [USF-XSim-69] 'compile' step finished in '2' seconds
INFO: [USF-XSim-3] XSim::Elaborate design
INFO: [USF-XSim-61] Executing 'ELABORATE' step in 'C:/Users/reese_ford1/Documents/GitHub/ARM-Lab/ARM-Project/ARM-Project.sim/sim_1/behav/xsim'
"xelab --incr --debug typical --relax --mt 2 -L xil_defaultlib -L uvm -L unisims_ver -L unimacro_ver -L secureip --snapshot sign_extender_test_behav xil_defaultlib.sign_extender_test xil_defaultlib.glbl -log elaborate.log"
Vivado Simulator v2021.2
Copyright 1986-1999, 2001-2021 Xilinx, Inc. All Rights Reserved.
Running: C:/XilinxVitis/Vivado/2021.2/bin/unwrapped/win64.o/xelab.exe --incr --debug typical --relax --mt 2 -L xil_defaultlib -L uvm -L unisims_ver -L unimacro_ver -L secureip --snapshot sign_extender_test_behav xil_defaultlib.sign_extender_test xil_defaultlib.glbl -log elaborate.log 
Using 2 slave threads.
Starting static elaboration
Pass Through NonSizing Optimizer
Completed static elaboration
Starting simulation data flow analysis
Completed simulation data flow analysis
Time Resolution for simulation is 1ps
Compiling package xil_defaultlib.verification
Compiling module xil_defaultlib.sign_extender
Compiling module xil_defaultlib.sign_extender_test
Compiling module xil_defaultlib.glbl
Built simulation snapshot sign_extender_test_behav
INFO: [USF-XSim-69] 'elaborate' step finished in '4' seconds
INFO: [USF-XSim-4] XSim::Simulate design
INFO: [USF-XSim-61] Executing 'SIMULATE' step in 'C:/Users/reese_ford1/Documents/GitHub/ARM-Lab/ARM-Project/ARM-Project.sim/sim_1/behav/xsim'
INFO: [USF-XSim-98] *** Running xsim
   with args "sign_extender_test_behav -key {Behavioral:sim_1:Functional:sign_extender_test} -tclbatch {sign_extender_test.tcl} -view {C:/Users/reese_ford1/Documents/GitHub/ARM-Lab/ARM-Project/register_test_behav.wcfg} -view {C:/Users/reese_ford1/Documents/GitHub/ARM-Lab/ARM-Project/adder_test_behav.wcfg} -view {C:/Users/reese_ford1/Documents/GitHub/ARM-Lab/ARM-Project/mux_test_behav.wcfg} -view {C:/Users/reese_ford1/Documents/GitHub/ARM-Lab/ARM-Project/instr_mem_test_behav.wcfg} -view {C:/Users/reese_ford1/Documents/GitHub/ARM-Lab/ARM-Project/iFetch_test_behav.wcfg} -view {C:/Users/reese_ford1/Documents/GitHub/ARM-Lab/ARM-Project/instr_parse_test_behav.wcfg} -view {C:/Users/reese_ford1/Documents/GitHub/ARM-Lab/ARM-Project/regfile_test_behav.wcfg} -view {C:/Users/reese_ford1/Documents/GitHub/ARM-Lab/ARM-Project/control_test_behav.wcfg} -view {C:/Users/reese_ford1/Documents/GitHub/ARM-Lab/ARM-Project/sign_extender_test_behav.wcfg} -log {simulate.log}"
INFO: [USF-XSim-8] Loading simulator feature
Time resolution is 1 ps
open_wave_config C:/Users/reese_ford1/Documents/GitHub/ARM-Lab/ARM-Project/register_test_behav.wcfg
WARNING: Simulation object /register_test/tc was not found in the design.
WARNING: Simulation object /register_test/ts was not found in the design.
WARNING: Simulation object /register_test/clk was not found in the design.
WARNING: Simulation object /register_test/rst was not found in the design.
WARNING: Simulation object /register_test/d was not found in the design.
WARNING: Simulation object /register_test/er_q was not found in the design.
WARNING: Simulation object /register_test/q was not found in the design.
open_wave_config C:/Users/reese_ford1/Documents/GitHub/ARM-Lab/ARM-Project/adder_test_behav.wcfg
WARNING: Simulation object /adder_test/a was not found in the design.
WARNING: Simulation object /adder_test/b was not found in the design.
WARNING: Simulation object /adder_test/sum was not found in the design.
WARNING: Simulation object /adder_test/er_sum was not found in the design.
WARNING: Simulation object /adder_test/tc was not found in the design.
WARNING: Simulation object /adder_test/ts was not found in the design.
open_wave_config C:/Users/reese_ford1/Documents/GitHub/ARM-Lab/ARM-Project/mux_test_behav.wcfg
WARNING: Simulation object /mux_test/a_64 was not found in the design.
WARNING: Simulation object /mux_test/b_64 was not found in the design.
WARNING: Simulation object /mux_test/ctl was not found in the design.
WARNING: Simulation object /mux_test/out_64 was not found in the design.
WARNING: Simulation object /mux_test/a_5 was not found in the design.
WARNING: Simulation object /mux_test/b_5 was not found in the design.
WARNING: Simulation object /mux_test/out_5 was not found in the design.
WARNING: Simulation object /mux_test/er_out_64 was not found in the design.
WARNING: Simulation object /mux_test/er_out_5 was not found in the design.
WARNING: Simulation object /mux_test/tc was not found in the design.
WARNING: Simulation object /mux_test/ts was not found in the design.
open_wave_config C:/Users/reese_ford1/Documents/GitHub/ARM-Lab/ARM-Project/instr_mem_test_behav.wcfg
WARNING: Simulation object /instr_mem_test/clk was not found in the design.
WARNING: Simulation object /instr_mem_test/pc was not found in the design.
WARNING: Simulation object /instr_mem_test/instr was not found in the design.
WARNING: Simulation object /instr_mem_test/er was not found in the design.
WARNING: Simulation object /instr_mem_test/tc was not found in the design.
WARNING: Simulation object /instr_mem_test/ts was not found in the design.
open_wave_config C:/Users/reese_ford1/Documents/GitHub/ARM-Lab/ARM-Project/iFetch_test_behav.wcfg
WARNING: Simulation object /iFetch_test/clk was not found in the design.
WARNING: Simulation object /iFetch_test/reset was not found in the design.
WARNING: Simulation object /iFetch_test/pc_src was not found in the design.
WARNING: Simulation object /iFetch_test/branch_target was not found in the design.
WARNING: Simulation object /iFetch_test/cur_pc was not found in the design.
WARNING: Simulation object /iFetch_test/er_cur_pc was not found in the design.
WARNING: Simulation object /iFetch_test/instruction was not found in the design.
WARNING: Simulation object /iFetch_test/er_instruction was not found in the design.
WARNING: Simulation object /iFetch_test/ts was not found in the design.
WARNING: Simulation object /iFetch_test/tc was not found in the design.
WARNING: Simulation object /iFetch_test/clk_plus_1 was not found in the design.
open_wave_config C:/Users/reese_ford1/Documents/GitHub/ARM-Lab/ARM-Project/instr_parse_test_behav.wcfg
WARNING: Simulation object /instr_parse_test/tc was not found in the design.
WARNING: Simulation object /instr_parse_test/instruction was not found in the design.
WARNING: Simulation object /instr_parse_test/ts was not found in the design.
WARNING: Simulation object /instr_parse_test/er_opcode was not found in the design.
WARNING: Simulation object /instr_parse_test/opcode was not found in the design.
WARNING: Simulation object /instr_parse_test/er_address was not found in the design.
WARNING: Simulation object /instr_parse_test/address was not found in the design.
WARNING: Simulation object /instr_parse_test/er_rm_num was not found in the design.
WARNING: Simulation object /instr_parse_test/rm_num was not found in the design.
WARNING: Simulation object /instr_parse_test/er_rn_num was not found in the design.
WARNING: Simulation object /instr_parse_test/rn_num was not found in the design.
WARNING: Simulation object /instr_parse_test/er_rd_num was not found in the design.
WARNING: Simulation object /instr_parse_test/rd_num was not found in the design.
open_wave_config C:/Users/reese_ford1/Documents/GitHub/ARM-Lab/ARM-Project/regfile_test_behav.wcfg
WARNING: Simulation object /regfile_test/read_clk was not found in the design.
WARNING: Simulation object /regfile_test/write_clk was not found in the design.
WARNING: Simulation object /regfile_test/read_register1 was not found in the design.
WARNING: Simulation object /regfile_test/read_register2 was not found in the design.
WARNING: Simulation object /regfile_test/write_register was not found in the design.
WARNING: Simulation object /regfile_test/write_data was not found in the design.
WARNING: Simulation object /regfile_test/reg_write was not found in the design.
WARNING: Simulation object /regfile_test/read_data1 was not found in the design.
WARNING: Simulation object /regfile_test/er_read_data1 was not found in the design.
WARNING: Simulation object /regfile_test/read_data2 was not found in the design.
WARNING: Simulation object /regfile_test/er_read_data2 was not found in the design.
WARNING: Simulation object /regfile_test/tc was not found in the design.
WARNING: Simulation object /regfile_test/ts was not found in the design.
open_wave_config C:/Users/reese_ford1/Documents/GitHub/ARM-Lab/ARM-Project/control_test_behav.wcfg
WARNING: Simulation object /control_test/tc was not found in the design.
WARNING: Simulation object /control_test/ts was not found in the design.
WARNING: Simulation object /control_test/opcode was not found in the design.
WARNING: Simulation object /control_test/reg2_loc was not found in the design.
WARNING: Simulation object /control_test/uncondbranch was not found in the design.
WARNING: Simulation object /control_test/branch was not found in the design.
WARNING: Simulation object /control_test/mem_read was not found in the design.
WARNING: Simulation object /control_test/mem_to_reg was not found in the design.
WARNING: Simulation object /control_test/alu_op was not found in the design.
WARNING: Simulation object /control_test/mem_write was not found in the design.
WARNING: Simulation object /control_test/alu_src was not found in the design.
WARNING: Simulation object /control_test/reg_write was not found in the design.
WARNING: Simulation object /control_test/er_reg2_loc was not found in the design.
WARNING: Simulation object /control_test/er_uncondbranch was not found in the design.
WARNING: Simulation object /control_test/er_branch was not found in the design.
WARNING: Simulation object /control_test/er_mem_read was not found in the design.
WARNING: Simulation object /control_test/er_mem_to_reg was not found in the design.
WARNING: Simulation object /control_test/er_alu_op was not found in the design.
WARNING: Simulation object /control_test/er_mem_write was not found in the design.
WARNING: Simulation object /control_test/er_alu_src was not found in the design.
WARNING: Simulation object /control_test/er_reg_write was not found in the design.
open_wave_config C:/Users/reese_ford1/Documents/GitHub/ARM-Lab/ARM-Project/sign_extender_test_behav.wcfg
source sign_extender_test.tcl
# set curr_wave [current_wave_config]
# if { [string length $curr_wave] == 0 } {
#   if { [llength [get_objects]] > 0} {
#     add_wave /
#     set_property needs_save false [current_wave_config]
#   } else {
#      send_msg_id Add_Wave-1 WARNING "No top level signals found. Simulator will start without a wave window. If you want to open a wave window go to 'File->New Waveform Configuration' or type 'create_wave_config' in the TCL console."
#   }
# }
# run 1000ns

******* BEGIN TEST RESULTS *******

Test Case 1: | instruction = f84402c9
+++ Step 1: Pass: |sign_extended_output| time = 10 ns | er = 64 | ar = 64 | er_bits = 64 | ar_bits = 64 +++
Test Case 2: | instruction = 8a09026a
+++ Step 1: Pass: |sign_extended_output| time = 20 ns | er = 0 | ar = 0 | er_bits = 64 | ar_bits = 64 +++
Test Case 3: | instruction = cb0a028b
+++ Step 1: Pass: |sign_extended_output| time = 30 ns | er = 0 | ar = 0 | er_bits = 64 | ar_bits = 64 +++
Test Case 4: | instruction = xxxxxxxx
--- Step 1: Fail: |sign_extended_output| time = 40 ns | er = 96 | ar = -256 | er_bits = 64 | ar_bits = 64 ---
Test Case 5: | instruction = b4ffff6b
+++ Step 1: Pass: |sign_extended_output| time = 50 ns | er = -5 | ar = -5 | er_bits = 64 | ar_bits = 64 +++
Test Case 6: | instruction = xxxxxxxx
--- Step 1: Fail: |sign_extended_output| time = 60 ns | er = 8 | ar = -256 | er_bits = 64 | ar_bits = 64 ---
Test Case 7: | instruction = 14000040
+++ Step 1: Pass: |sign_extended_output| time = 70 ns | er = 64 | ar = 64 | er_bits = 64 | ar_bits = 64 +++
Test Case 8: | instruction = xxxxxxxx
--- Step 1: Fail: |sign_extended_output| time = 80 ns | er = -55 | ar = -256 | er_bits = 64 | ar_bits = 64 ---
Test Case 9: | instruction = aa150149
+++ Step 1: Pass: |sign_extended_output| time = 90 ns | er = 0 | ar = 0 | er_bits = 64 | ar_bits = 64 +++
Test Case 10: | instruction = xxxxxxxx
--- Step 1: Fail: |sign_extended_output| time = 100 ns | er = 0 | ar = -256 | er_bits = 64 | ar_bits = 64 ---

Pass Count = 6
Fail Count = 4

******* END TEST RESULTS *******

$finish called at time : 100 ns : File "C:/Users/reese_ford1/Documents/GitHub/ARM-Lab/ARM-Lab/code/2_decode/sign_extender_test.sv" Line 100
INFO: [USF-XSim-96] XSim completed. Design snapshot 'sign_extender_test_behav' loaded.
INFO: [USF-XSim-97] XSim simulation ran for 1000ns
launch_simulation: Time (s): cpu = 00:00:08 ; elapsed = 00:00:09 . Memory (MB): peak = 1530.082 ; gain = 0.000
relaunch_sim
Command: launch_simulation -step compile -simset sim_1 -mode behavioral
INFO: [Vivado 12-12493] Simulation top is 'sign_extender_test'
WARNING: [Vivado 12-12986] Compiled library path does not exist: ''
INFO: [Vivado 12-5682] Launching behavioral simulation in 'C:/Users/reese_ford1/Documents/GitHub/ARM-Lab/ARM-Project/ARM-Project.sim/sim_1/behav/xsim'
INFO: [SIM-utils-51] Simulation object is 'sim_1'
INFO: [SIM-utils-72] Using boost library from 'C:/XilinxVitis/Vivado/2021.2/tps/boost_1_72_0'
INFO: [SIM-utils-54] Inspecting design source files for 'sign_extender_test' in fileset 'sim_1'...
INFO: [USF-XSim-97] Finding global include files...
INFO: [USF-XSim-98] Fetching design files from 'sim_1'...
INFO: [USF-XSim-2] XSim::Compile design
INFO: [USF-XSim-61] Executing 'COMPILE and ANALYZE' step in 'C:/Users/reese_ford1/Documents/GitHub/ARM-Lab/ARM-Project/ARM-Project.sim/sim_1/behav/xsim'
"xvlog --incr --relax -L uvm -prj sign_extender_test_vlog.prj"
INFO: [VRFC 10-2263] Analyzing SystemVerilog file "C:/Users/reese_ford1/Documents/GitHub/ARM-Lab/ARM-Lab/code/0_common/verification_functions.sv" into library xil_defaultlib
INFO: [VRFC 10-2263] Analyzing SystemVerilog file "C:/Users/reese_ford1/Documents/GitHub/ARM-Lab/ARM-Lab/code/2_decode/sign_extender_test.sv" into library xil_defaultlib
WARNING: [VRFC 10-3264] design element 'verification' is previously defined, ignoring this definition [../../../../../ARM-Lab/code/0_common/verification_functions.sv:3]
INFO: [VRFC 10-311] analyzing module sign_extender_test
INFO: [USF-XSim-69] 'compile' step finished in '2' seconds
Command: launch_simulation -step elaborate -simset sim_1 -mode behavioral
INFO: [Vivado 12-12493] Simulation top is 'sign_extender_test'
WARNING: [Vivado 12-12986] Compiled library path does not exist: ''
INFO: [Vivado 12-5682] Launching behavioral simulation in 'C:/Users/reese_ford1/Documents/GitHub/ARM-Lab/ARM-Project/ARM-Project.sim/sim_1/behav/xsim'
INFO: [SIM-utils-51] Simulation object is 'sim_1'
INFO: [USF-XSim-3] XSim::Elaborate design
INFO: [USF-XSim-61] Executing 'ELABORATE' step in 'C:/Users/reese_ford1/Documents/GitHub/ARM-Lab/ARM-Project/ARM-Project.sim/sim_1/behav/xsim'
"xelab --incr --debug typical --relax --mt 2 -L xil_defaultlib -L uvm -L unisims_ver -L unimacro_ver -L secureip --snapshot sign_extender_test_behav xil_defaultlib.sign_extender_test xil_defaultlib.glbl -log elaborate.log"
Vivado Simulator v2021.2
Copyright 1986-1999, 2001-2021 Xilinx, Inc. All Rights Reserved.
Running: C:/XilinxVitis/Vivado/2021.2/bin/unwrapped/win64.o/xelab.exe --incr --debug typical --relax --mt 2 -L xil_defaultlib -L uvm -L unisims_ver -L unimacro_ver -L secureip --snapshot sign_extender_test_behav xil_defaultlib.sign_extender_test xil_defaultlib.glbl -log elaborate.log 
Using 2 slave threads.
Starting static elaboration
Pass Through NonSizing Optimizer
Completed static elaboration
Starting simulation data flow analysis
Completed simulation data flow analysis
Time Resolution for simulation is 1ps
Compiling package xil_defaultlib.verification
Compiling module xil_defaultlib.sign_extender
Compiling module xil_defaultlib.sign_extender_test
Compiling module xil_defaultlib.glbl
Built simulation snapshot sign_extender_test_behav
INFO: [USF-XSim-69] 'elaborate' step finished in '2' seconds
Time resolution is 1 ps
WARNING: Simulation object /sign_extender_test/sign_extended_output_string was not traceable in the design for the following reason:
Vivado Simulator does not support tracing of System Verilog Dynamic Type object.

******* BEGIN TEST RESULTS *******

Test Case 1: | instruction = f84402c9
+++ Step 1: Pass: |sign_extended_output| time = 10 ns | er = 64 | ar = 64 | er_bits = 64 | ar_bits = 64 +++
Test Case 2: | instruction = 8a09026a
+++ Step 1: Pass: |sign_extended_output| time = 20 ns | er = 0 | ar = 0 | er_bits = 64 | ar_bits = 64 +++
Test Case 3: | instruction = cb0a028b
+++ Step 1: Pass: |sign_extended_output| time = 30 ns | er = 0 | ar = 0 | er_bits = 64 | ar_bits = 64 +++
Test Case 4: | instruction = xxxxxxxx
--- Step 1: Fail: |sign_extended_output| time = 40 ns | er = 96 | ar = -256 | er_bits = 64 | ar_bits = 64 ---
Test Case 5: | instruction = b4ffff6b
+++ Step 1: Pass: |sign_extended_output| time = 50 ns | er = -5 | ar = -5 | er_bits = 64 | ar_bits = 64 +++
Test Case 6: | instruction = xxxxxxxx
--- Step 1: Fail: |sign_extended_output| time = 60 ns | er = 8 | ar = -256 | er_bits = 64 | ar_bits = 64 ---
Test Case 7: | instruction = 14000040
+++ Step 1: Pass: |sign_extended_output| time = 70 ns | er = 64 | ar = 64 | er_bits = 64 | ar_bits = 64 +++
Test Case 8: | instruction = xxxxxxxx
--- Step 1: Fail: |sign_extended_output| time = 80 ns | er = -55 | ar = -256 | er_bits = 64 | ar_bits = 64 ---
Test Case 9: | instruction = aa150149
+++ Step 1: Pass: |sign_extended_output| time = 90 ns | er = 0 | ar = 0 | er_bits = 64 | ar_bits = 64 +++
Test Case 10: | instruction = xxxxxxxx
--- Step 1: Fail: |sign_extended_output| time = 100 ns | er = 0 | ar = -256 | er_bits = 64 | ar_bits = 64 ---

Pass Count = 6
Fail Count = 4

******* END TEST RESULTS *******

$finish called at time : 100 ns : File "C:/Users/reese_ford1/Documents/GitHub/ARM-Lab/ARM-Lab/code/2_decode/sign_extender_test.sv" Line 100
relaunch_sim: Time (s): cpu = 00:00:01 ; elapsed = 00:00:06 . Memory (MB): peak = 1530.082 ; gain = 0.000
close_sim
INFO: [Simtcl 6-16] Simulation closed
launch_simulation
Command: launch_simulation 
INFO: [Vivado 12-12493] Simulation top is 'sign_extender_test'
WARNING: [Vivado 12-12986] Compiled library path does not exist: ''
INFO: [Vivado 12-5682] Launching behavioral simulation in 'C:/Users/reese_ford1/Documents/GitHub/ARM-Lab/ARM-Project/ARM-Project.sim/sim_1/behav/xsim'
INFO: [SIM-utils-51] Simulation object is 'sim_1'
INFO: [SIM-utils-72] Using boost library from 'C:/XilinxVitis/Vivado/2021.2/tps/boost_1_72_0'
INFO: [SIM-utils-54] Inspecting design source files for 'sign_extender_test' in fileset 'sim_1'...
INFO: [USF-XSim-97] Finding global include files...
INFO: [USF-XSim-98] Fetching design files from 'sim_1'...
INFO: [USF-XSim-2] XSim::Compile design
INFO: [USF-XSim-61] Executing 'COMPILE and ANALYZE' step in 'C:/Users/reese_ford1/Documents/GitHub/ARM-Lab/ARM-Project/ARM-Project.sim/sim_1/behav/xsim'
"xvlog --incr --relax -L uvm -prj sign_extender_test_vlog.prj"
INFO: [USF-XSim-69] 'compile' step finished in '2' seconds
INFO: [USF-XSim-3] XSim::Elaborate design
INFO: [USF-XSim-61] Executing 'ELABORATE' step in 'C:/Users/reese_ford1/Documents/GitHub/ARM-Lab/ARM-Project/ARM-Project.sim/sim_1/behav/xsim'
"xelab --incr --debug typical --relax --mt 2 -L xil_defaultlib -L uvm -L unisims_ver -L unimacro_ver -L secureip --snapshot sign_extender_test_behav xil_defaultlib.sign_extender_test xil_defaultlib.glbl -log elaborate.log"
Vivado Simulator v2021.2
Copyright 1986-1999, 2001-2021 Xilinx, Inc. All Rights Reserved.
Running: C:/XilinxVitis/Vivado/2021.2/bin/unwrapped/win64.o/xelab.exe --incr --debug typical --relax --mt 2 -L xil_defaultlib -L uvm -L unisims_ver -L unimacro_ver -L secureip --snapshot sign_extender_test_behav xil_defaultlib.sign_extender_test xil_defaultlib.glbl -log elaborate.log 
Using 2 slave threads.
Starting static elaboration
Pass Through NonSizing Optimizer
Completed static elaboration
INFO: [XSIM 43-4323] No Change in HDL. Linking previously generated obj files to create kernel
INFO: [USF-XSim-69] 'elaborate' step finished in '2' seconds
INFO: [USF-XSim-4] XSim::Simulate design
INFO: [USF-XSim-61] Executing 'SIMULATE' step in 'C:/Users/reese_ford1/Documents/GitHub/ARM-Lab/ARM-Project/ARM-Project.sim/sim_1/behav/xsim'
INFO: [USF-XSim-98] *** Running xsim
   with args "sign_extender_test_behav -key {Behavioral:sim_1:Functional:sign_extender_test} -tclbatch {sign_extender_test.tcl} -view {C:/Users/reese_ford1/Documents/GitHub/ARM-Lab/ARM-Project/register_test_behav.wcfg} -view {C:/Users/reese_ford1/Documents/GitHub/ARM-Lab/ARM-Project/adder_test_behav.wcfg} -view {C:/Users/reese_ford1/Documents/GitHub/ARM-Lab/ARM-Project/mux_test_behav.wcfg} -view {C:/Users/reese_ford1/Documents/GitHub/ARM-Lab/ARM-Project/instr_mem_test_behav.wcfg} -view {C:/Users/reese_ford1/Documents/GitHub/ARM-Lab/ARM-Project/iFetch_test_behav.wcfg} -view {C:/Users/reese_ford1/Documents/GitHub/ARM-Lab/ARM-Project/instr_parse_test_behav.wcfg} -view {C:/Users/reese_ford1/Documents/GitHub/ARM-Lab/ARM-Project/regfile_test_behav.wcfg} -view {C:/Users/reese_ford1/Documents/GitHub/ARM-Lab/ARM-Project/control_test_behav.wcfg} -view {C:/Users/reese_ford1/Documents/GitHub/ARM-Lab/ARM-Project/sign_extender_test_behav.wcfg} -log {simulate.log}"
INFO: [USF-XSim-8] Loading simulator feature
Time resolution is 1 ps
open_wave_config C:/Users/reese_ford1/Documents/GitHub/ARM-Lab/ARM-Project/register_test_behav.wcfg
WARNING: Simulation object /register_test/tc was not found in the design.
WARNING: Simulation object /register_test/ts was not found in the design.
WARNING: Simulation object /register_test/clk was not found in the design.
WARNING: Simulation object /register_test/rst was not found in the design.
WARNING: Simulation object /register_test/d was not found in the design.
WARNING: Simulation object /register_test/er_q was not found in the design.
WARNING: Simulation object /register_test/q was not found in the design.
open_wave_config C:/Users/reese_ford1/Documents/GitHub/ARM-Lab/ARM-Project/adder_test_behav.wcfg
WARNING: Simulation object /adder_test/a was not found in the design.
WARNING: Simulation object /adder_test/b was not found in the design.
WARNING: Simulation object /adder_test/sum was not found in the design.
WARNING: Simulation object /adder_test/er_sum was not found in the design.
WARNING: Simulation object /adder_test/tc was not found in the design.
WARNING: Simulation object /adder_test/ts was not found in the design.
open_wave_config C:/Users/reese_ford1/Documents/GitHub/ARM-Lab/ARM-Project/mux_test_behav.wcfg
WARNING: Simulation object /mux_test/a_64 was not found in the design.
WARNING: Simulation object /mux_test/b_64 was not found in the design.
WARNING: Simulation object /mux_test/ctl was not found in the design.
WARNING: Simulation object /mux_test/out_64 was not found in the design.
WARNING: Simulation object /mux_test/a_5 was not found in the design.
WARNING: Simulation object /mux_test/b_5 was not found in the design.
WARNING: Simulation object /mux_test/out_5 was not found in the design.
WARNING: Simulation object /mux_test/er_out_64 was not found in the design.
WARNING: Simulation object /mux_test/er_out_5 was not found in the design.
WARNING: Simulation object /mux_test/tc was not found in the design.
WARNING: Simulation object /mux_test/ts was not found in the design.
open_wave_config C:/Users/reese_ford1/Documents/GitHub/ARM-Lab/ARM-Project/instr_mem_test_behav.wcfg
WARNING: Simulation object /instr_mem_test/clk was not found in the design.
WARNING: Simulation object /instr_mem_test/pc was not found in the design.
WARNING: Simulation object /instr_mem_test/instr was not found in the design.
WARNING: Simulation object /instr_mem_test/er was not found in the design.
WARNING: Simulation object /instr_mem_test/tc was not found in the design.
WARNING: Simulation object /instr_mem_test/ts was not found in the design.
open_wave_config C:/Users/reese_ford1/Documents/GitHub/ARM-Lab/ARM-Project/iFetch_test_behav.wcfg
WARNING: Simulation object /iFetch_test/clk was not found in the design.
WARNING: Simulation object /iFetch_test/reset was not found in the design.
WARNING: Simulation object /iFetch_test/pc_src was not found in the design.
WARNING: Simulation object /iFetch_test/branch_target was not found in the design.
WARNING: Simulation object /iFetch_test/cur_pc was not found in the design.
WARNING: Simulation object /iFetch_test/er_cur_pc was not found in the design.
WARNING: Simulation object /iFetch_test/instruction was not found in the design.
WARNING: Simulation object /iFetch_test/er_instruction was not found in the design.
WARNING: Simulation object /iFetch_test/ts was not found in the design.
WARNING: Simulation object /iFetch_test/tc was not found in the design.
WARNING: Simulation object /iFetch_test/clk_plus_1 was not found in the design.
open_wave_config C:/Users/reese_ford1/Documents/GitHub/ARM-Lab/ARM-Project/instr_parse_test_behav.wcfg
WARNING: Simulation object /instr_parse_test/tc was not found in the design.
WARNING: Simulation object /instr_parse_test/instruction was not found in the design.
WARNING: Simulation object /instr_parse_test/ts was not found in the design.
WARNING: Simulation object /instr_parse_test/er_opcode was not found in the design.
WARNING: Simulation object /instr_parse_test/opcode was not found in the design.
WARNING: Simulation object /instr_parse_test/er_address was not found in the design.
WARNING: Simulation object /instr_parse_test/address was not found in the design.
WARNING: Simulation object /instr_parse_test/er_rm_num was not found in the design.
WARNING: Simulation object /instr_parse_test/rm_num was not found in the design.
WARNING: Simulation object /instr_parse_test/er_rn_num was not found in the design.
WARNING: Simulation object /instr_parse_test/rn_num was not found in the design.
WARNING: Simulation object /instr_parse_test/er_rd_num was not found in the design.
WARNING: Simulation object /instr_parse_test/rd_num was not found in the design.
open_wave_config C:/Users/reese_ford1/Documents/GitHub/ARM-Lab/ARM-Project/regfile_test_behav.wcfg
WARNING: Simulation object /regfile_test/read_clk was not found in the design.
WARNING: Simulation object /regfile_test/write_clk was not found in the design.
WARNING: Simulation object /regfile_test/read_register1 was not found in the design.
WARNING: Simulation object /regfile_test/read_register2 was not found in the design.
WARNING: Simulation object /regfile_test/write_register was not found in the design.
WARNING: Simulation object /regfile_test/write_data was not found in the design.
WARNING: Simulation object /regfile_test/reg_write was not found in the design.
WARNING: Simulation object /regfile_test/read_data1 was not found in the design.
WARNING: Simulation object /regfile_test/er_read_data1 was not found in the design.
WARNING: Simulation object /regfile_test/read_data2 was not found in the design.
WARNING: Simulation object /regfile_test/er_read_data2 was not found in the design.
WARNING: Simulation object /regfile_test/tc was not found in the design.
WARNING: Simulation object /regfile_test/ts was not found in the design.
open_wave_config C:/Users/reese_ford1/Documents/GitHub/ARM-Lab/ARM-Project/control_test_behav.wcfg
WARNING: Simulation object /control_test/tc was not found in the design.
WARNING: Simulation object /control_test/ts was not found in the design.
WARNING: Simulation object /control_test/opcode was not found in the design.
WARNING: Simulation object /control_test/reg2_loc was not found in the design.
WARNING: Simulation object /control_test/uncondbranch was not found in the design.
WARNING: Simulation object /control_test/branch was not found in the design.
WARNING: Simulation object /control_test/mem_read was not found in the design.
WARNING: Simulation object /control_test/mem_to_reg was not found in the design.
WARNING: Simulation object /control_test/alu_op was not found in the design.
WARNING: Simulation object /control_test/mem_write was not found in the design.
WARNING: Simulation object /control_test/alu_src was not found in the design.
WARNING: Simulation object /control_test/reg_write was not found in the design.
WARNING: Simulation object /control_test/er_reg2_loc was not found in the design.
WARNING: Simulation object /control_test/er_uncondbranch was not found in the design.
WARNING: Simulation object /control_test/er_branch was not found in the design.
WARNING: Simulation object /control_test/er_mem_read was not found in the design.
WARNING: Simulation object /control_test/er_mem_to_reg was not found in the design.
WARNING: Simulation object /control_test/er_alu_op was not found in the design.
WARNING: Simulation object /control_test/er_mem_write was not found in the design.
WARNING: Simulation object /control_test/er_alu_src was not found in the design.
WARNING: Simulation object /control_test/er_reg_write was not found in the design.
open_wave_config C:/Users/reese_ford1/Documents/GitHub/ARM-Lab/ARM-Project/sign_extender_test_behav.wcfg
source sign_extender_test.tcl
# set curr_wave [current_wave_config]
# if { [string length $curr_wave] == 0 } {
#   if { [llength [get_objects]] > 0} {
#     add_wave /
#     set_property needs_save false [current_wave_config]
#   } else {
#      send_msg_id Add_Wave-1 WARNING "No top level signals found. Simulator will start without a wave window. If you want to open a wave window go to 'File->New Waveform Configuration' or type 'create_wave_config' in the TCL console."
#   }
# }
# run 1000ns

******* BEGIN TEST RESULTS *******

Test Case 1: | instruction = f84402c9
+++ Step 1: Pass: |sign_extended_output| time = 10 ns | er = 64 | ar = 64 | er_bits = 64 | ar_bits = 64 +++
Test Case 2: | instruction = 8a09026a
+++ Step 1: Pass: |sign_extended_output| time = 20 ns | er = 0 | ar = 0 | er_bits = 64 | ar_bits = 64 +++
Test Case 3: | instruction = cb0a028b
+++ Step 1: Pass: |sign_extended_output| time = 30 ns | er = 0 | ar = 0 | er_bits = 64 | ar_bits = 64 +++
Test Case 4: | instruction = xxxxxxxx
--- Step 1: Fail: |sign_extended_output| time = 40 ns | er = 96 | ar = -256 | er_bits = 64 | ar_bits = 64 ---
Test Case 5: | instruction = b4ffff6b
+++ Step 1: Pass: |sign_extended_output| time = 50 ns | er = -5 | ar = -5 | er_bits = 64 | ar_bits = 64 +++
Test Case 6: | instruction = xxxxxxxx
--- Step 1: Fail: |sign_extended_output| time = 60 ns | er = 8 | ar = -256 | er_bits = 64 | ar_bits = 64 ---
Test Case 7: | instruction = 14000040
+++ Step 1: Pass: |sign_extended_output| time = 70 ns | er = 64 | ar = 64 | er_bits = 64 | ar_bits = 64 +++
Test Case 8: | instruction = xxxxxxxx
--- Step 1: Fail: |sign_extended_output| time = 80 ns | er = -55 | ar = -256 | er_bits = 64 | ar_bits = 64 ---
Test Case 9: | instruction = aa150149
+++ Step 1: Pass: |sign_extended_output| time = 90 ns | er = 0 | ar = 0 | er_bits = 64 | ar_bits = 64 +++
Test Case 10: | instruction = xxxxxxxx
--- Step 1: Fail: |sign_extended_output| time = 100 ns | er = 0 | ar = -256 | er_bits = 64 | ar_bits = 64 ---

Pass Count = 6
Fail Count = 4

******* END TEST RESULTS *******

$finish called at time : 100 ns : File "C:/Users/reese_ford1/Documents/GitHub/ARM-Lab/ARM-Lab/code/2_decode/sign_extender_test.sv" Line 100
INFO: [USF-XSim-96] XSim completed. Design snapshot 'sign_extender_test_behav' loaded.
INFO: [USF-XSim-97] XSim simulation ran for 1000ns
launch_simulation: Time (s): cpu = 00:00:04 ; elapsed = 00:00:06 . Memory (MB): peak = 1530.082 ; gain = 0.000
relaunch_sim
Command: launch_simulation -step compile -simset sim_1 -mode behavioral
INFO: [Vivado 12-12493] Simulation top is 'sign_extender_test'
WARNING: [Vivado 12-12986] Compiled library path does not exist: ''
INFO: [Vivado 12-5682] Launching behavioral simulation in 'C:/Users/reese_ford1/Documents/GitHub/ARM-Lab/ARM-Project/ARM-Project.sim/sim_1/behav/xsim'
INFO: [SIM-utils-51] Simulation object is 'sim_1'
INFO: [USF-XSim-2] XSim::Compile design
INFO: [USF-XSim-61] Executing 'COMPILE and ANALYZE' step in 'C:/Users/reese_ford1/Documents/GitHub/ARM-Lab/ARM-Project/ARM-Project.sim/sim_1/behav/xsim'
"xvlog --incr --relax -L uvm -prj sign_extender_test_vlog.prj"
INFO: [VRFC 10-2263] Analyzing SystemVerilog file "C:/Users/reese_ford1/Documents/GitHub/ARM-Lab/ARM-Lab/code/0_common/verification_functions.sv" into library xil_defaultlib
INFO: [VRFC 10-2263] Analyzing SystemVerilog file "C:/Users/reese_ford1/Documents/GitHub/ARM-Lab/ARM-Lab/code/2_decode/sign_extender_test.sv" into library xil_defaultlib
WARNING: [VRFC 10-3264] design element 'verification' is previously defined, ignoring this definition [../../../../../ARM-Lab/code/0_common/verification_functions.sv:3]
INFO: [VRFC 10-311] analyzing module sign_extender_test
INFO: [USF-XSim-69] 'compile' step finished in '2' seconds
Command: launch_simulation -step elaborate -simset sim_1 -mode behavioral
INFO: [Vivado 12-12493] Simulation top is 'sign_extender_test'
WARNING: [Vivado 12-12986] Compiled library path does not exist: ''
INFO: [Vivado 12-5682] Launching behavioral simulation in 'C:/Users/reese_ford1/Documents/GitHub/ARM-Lab/ARM-Project/ARM-Project.sim/sim_1/behav/xsim'
INFO: [SIM-utils-51] Simulation object is 'sim_1'
INFO: [USF-XSim-3] XSim::Elaborate design
INFO: [USF-XSim-61] Executing 'ELABORATE' step in 'C:/Users/reese_ford1/Documents/GitHub/ARM-Lab/ARM-Project/ARM-Project.sim/sim_1/behav/xsim'
"xelab --incr --debug typical --relax --mt 2 -L xil_defaultlib -L uvm -L unisims_ver -L unimacro_ver -L secureip --snapshot sign_extender_test_behav xil_defaultlib.sign_extender_test xil_defaultlib.glbl -log elaborate.log"
Vivado Simulator v2021.2
Copyright 1986-1999, 2001-2021 Xilinx, Inc. All Rights Reserved.
Running: C:/XilinxVitis/Vivado/2021.2/bin/unwrapped/win64.o/xelab.exe --incr --debug typical --relax --mt 2 -L xil_defaultlib -L uvm -L unisims_ver -L unimacro_ver -L secureip --snapshot sign_extender_test_behav xil_defaultlib.sign_extender_test xil_defaultlib.glbl -log elaborate.log 
Using 2 slave threads.
Starting static elaboration
Pass Through NonSizing Optimizer
Completed static elaboration
Starting simulation data flow analysis
Completed simulation data flow analysis
Time Resolution for simulation is 1ps
Compiling package xil_defaultlib.verification
Compiling module xil_defaultlib.sign_extender
Compiling module xil_defaultlib.sign_extender_test
Compiling module xil_defaultlib.glbl
Built simulation snapshot sign_extender_test_behav
INFO: [USF-XSim-69] 'elaborate' step finished in '3' seconds
Time resolution is 1 ps

******* BEGIN TEST RESULTS *******

Test Case 1: | instruction = f84402c9
+++ Step 1: Pass: |sign_extended_output| time = 10 ns | er = 64 | ar = 64 | er_bits = 64 | ar_bits = 64 +++
Test Case 2: | instruction = 8a09026a
+++ Step 1: Pass: |sign_extended_output| time = 20 ns | er = 0 | ar = 0 | er_bits = 64 | ar_bits = 64 +++
Test Case 3: | instruction = cb0a028b
+++ Step 1: Pass: |sign_extended_output| time = 30 ns | er = 0 | ar = 0 | er_bits = 64 | ar_bits = 64 +++
Test Case 4: | instruction = xxxxxxxx
--- Step 1: Fail: |sign_extended_output| time = 40 ns | er = 96 | ar = -256 | er_bits = 64 | ar_bits = 64 ---
Test Case 5: | instruction = b4ffff6b
+++ Step 1: Pass: |sign_extended_output| time = 50 ns | er = -5 | ar = -5 | er_bits = 64 | ar_bits = 64 +++
Test Case 6: | instruction = b400109
--- Step 1: Fail: |sign_extended_output| time = 60 ns | er = 8 | ar = 0 | er_bits = 64 | ar_bits = 64 ---
Test Case 7: | instruction = 14000040
+++ Step 1: Pass: |sign_extended_output| time = 70 ns | er = 64 | ar = 64 | er_bits = 64 | ar_bits = 64 +++
Test Case 8: | instruction = xxxxxxxx
--- Step 1: Fail: |sign_extended_output| time = 80 ns | er = -55 | ar = -256 | er_bits = 64 | ar_bits = 64 ---
Test Case 9: | instruction = aa150149
+++ Step 1: Pass: |sign_extended_output| time = 90 ns | er = 0 | ar = 0 | er_bits = 64 | ar_bits = 64 +++
Test Case 10: | instruction = xxxxxxxx
--- Step 1: Fail: |sign_extended_output| time = 100 ns | er = 0 | ar = -256 | er_bits = 64 | ar_bits = 64 ---

Pass Count = 6
Fail Count = 4

******* END TEST RESULTS *******

$finish called at time : 100 ns : File "C:/Users/reese_ford1/Documents/GitHub/ARM-Lab/ARM-Lab/code/2_decode/sign_extender_test.sv" Line 101
relaunch_sim: Time (s): cpu = 00:00:01 ; elapsed = 00:00:07 . Memory (MB): peak = 1530.082 ; gain = 0.000
relaunch_sim
Command: launch_simulation -step compile -simset sim_1 -mode behavioral
INFO: [Vivado 12-12493] Simulation top is 'sign_extender_test'
WARNING: [Vivado 12-12986] Compiled library path does not exist: ''
INFO: [Vivado 12-5682] Launching behavioral simulation in 'C:/Users/reese_ford1/Documents/GitHub/ARM-Lab/ARM-Project/ARM-Project.sim/sim_1/behav/xsim'
INFO: [SIM-utils-51] Simulation object is 'sim_1'
INFO: [USF-XSim-2] XSim::Compile design
INFO: [USF-XSim-61] Executing 'COMPILE and ANALYZE' step in 'C:/Users/reese_ford1/Documents/GitHub/ARM-Lab/ARM-Project/ARM-Project.sim/sim_1/behav/xsim'
"xvlog --incr --relax -L uvm -prj sign_extender_test_vlog.prj"
INFO: [VRFC 10-2263] Analyzing SystemVerilog file "C:/Users/reese_ford1/Documents/GitHub/ARM-Lab/ARM-Lab/code/0_common/verification_functions.sv" into library xil_defaultlib
INFO: [VRFC 10-2263] Analyzing SystemVerilog file "C:/Users/reese_ford1/Documents/GitHub/ARM-Lab/ARM-Lab/code/2_decode/sign_extender_test.sv" into library xil_defaultlib
WARNING: [VRFC 10-3264] design element 'verification' is previously defined, ignoring this definition [../../../../../ARM-Lab/code/0_common/verification_functions.sv:3]
INFO: [VRFC 10-311] analyzing module sign_extender_test
INFO: [USF-XSim-69] 'compile' step finished in '2' seconds
Command: launch_simulation -step elaborate -simset sim_1 -mode behavioral
INFO: [Vivado 12-12493] Simulation top is 'sign_extender_test'
WARNING: [Vivado 12-12986] Compiled library path does not exist: ''
INFO: [Vivado 12-5682] Launching behavioral simulation in 'C:/Users/reese_ford1/Documents/GitHub/ARM-Lab/ARM-Project/ARM-Project.sim/sim_1/behav/xsim'
INFO: [SIM-utils-51] Simulation object is 'sim_1'
INFO: [USF-XSim-3] XSim::Elaborate design
INFO: [USF-XSim-61] Executing 'ELABORATE' step in 'C:/Users/reese_ford1/Documents/GitHub/ARM-Lab/ARM-Project/ARM-Project.sim/sim_1/behav/xsim'
"xelab --incr --debug typical --relax --mt 2 -L xil_defaultlib -L uvm -L unisims_ver -L unimacro_ver -L secureip --snapshot sign_extender_test_behav xil_defaultlib.sign_extender_test xil_defaultlib.glbl -log elaborate.log"
Vivado Simulator v2021.2
Copyright 1986-1999, 2001-2021 Xilinx, Inc. All Rights Reserved.
Running: C:/XilinxVitis/Vivado/2021.2/bin/unwrapped/win64.o/xelab.exe --incr --debug typical --relax --mt 2 -L xil_defaultlib -L uvm -L unisims_ver -L unimacro_ver -L secureip --snapshot sign_extender_test_behav xil_defaultlib.sign_extender_test xil_defaultlib.glbl -log elaborate.log 
Using 2 slave threads.
Starting static elaboration
Pass Through NonSizing Optimizer
Completed static elaboration
Starting simulation data flow analysis
Completed simulation data flow analysis
Time Resolution for simulation is 1ps
Compiling package xil_defaultlib.verification
Compiling module xil_defaultlib.sign_extender
Compiling module xil_defaultlib.sign_extender_test
Compiling module xil_defaultlib.glbl
Built simulation snapshot sign_extender_test_behav
INFO: [USF-XSim-69] 'elaborate' step finished in '3' seconds
Time resolution is 1 ps

******* BEGIN TEST RESULTS *******

Test Case 1: | instruction = f84402c9
+++ Step 1: Pass: |sign_extended_output| time = 10 ns | er = 64 | ar = 64 | er_bits = 64 | ar_bits = 64 +++
Test Case 2: | instruction = 8a09026a
+++ Step 1: Pass: |sign_extended_output| time = 20 ns | er = 0 | ar = 0 | er_bits = 64 | ar_bits = 64 +++
Test Case 3: | instruction = cb0a028b
+++ Step 1: Pass: |sign_extended_output| time = 30 ns | er = 0 | ar = 0 | er_bits = 64 | ar_bits = 64 +++
Test Case 4: | instruction = 7c060176
--- Step 1: Fail: |sign_extended_output| time = 40 ns | er = 96 | ar = 0 | er_bits = 64 | ar_bits = 64 ---
Test Case 5: | instruction = b4ffff6b
+++ Step 1: Pass: |sign_extended_output| time = 50 ns | er = -5 | ar = -5 | er_bits = 64 | ar_bits = 64 +++
Test Case 6: | instruction = b400109
--- Step 1: Fail: |sign_extended_output| time = 60 ns | er = 8 | ar = 0 | er_bits = 64 | ar_bits = 64 ---
Test Case 7: | instruction = 14000040
+++ Step 1: Pass: |sign_extended_output| time = 70 ns | er = 64 | ar = 64 | er_bits = 64 | ar_bits = 64 +++
Test Case 8: | instruction = xxxxxxxx
--- Step 1: Fail: |sign_extended_output| time = 80 ns | er = -55 | ar = -256 | er_bits = 64 | ar_bits = 64 ---
Test Case 9: | instruction = aa150149
+++ Step 1: Pass: |sign_extended_output| time = 90 ns | er = 0 | ar = 0 | er_bits = 64 | ar_bits = 64 +++
Test Case 10: | instruction = xxxxxxxx
--- Step 1: Fail: |sign_extended_output| time = 100 ns | er = 0 | ar = -256 | er_bits = 64 | ar_bits = 64 ---

Pass Count = 6
Fail Count = 4

******* END TEST RESULTS *******

$finish called at time : 100 ns : File "C:/Users/reese_ford1/Documents/GitHub/ARM-Lab/ARM-Lab/code/2_decode/sign_extender_test.sv" Line 102
relaunch_sim: Time (s): cpu = 00:00:01 ; elapsed = 00:00:07 . Memory (MB): peak = 1530.082 ; gain = 0.000
relaunch_sim
Command: launch_simulation -step compile -simset sim_1 -mode behavioral
INFO: [Vivado 12-12493] Simulation top is 'sign_extender_test'
WARNING: [Vivado 12-12986] Compiled library path does not exist: ''
INFO: [Vivado 12-5682] Launching behavioral simulation in 'C:/Users/reese_ford1/Documents/GitHub/ARM-Lab/ARM-Project/ARM-Project.sim/sim_1/behav/xsim'
INFO: [SIM-utils-51] Simulation object is 'sim_1'
INFO: [USF-XSim-2] XSim::Compile design
INFO: [USF-XSim-61] Executing 'COMPILE and ANALYZE' step in 'C:/Users/reese_ford1/Documents/GitHub/ARM-Lab/ARM-Project/ARM-Project.sim/sim_1/behav/xsim'
"xvlog --incr --relax -L uvm -prj sign_extender_test_vlog.prj"
INFO: [VRFC 10-2263] Analyzing SystemVerilog file "C:/Users/reese_ford1/Documents/GitHub/ARM-Lab/ARM-Lab/code/0_common/verification_functions.sv" into library xil_defaultlib
INFO: [VRFC 10-2263] Analyzing SystemVerilog file "C:/Users/reese_ford1/Documents/GitHub/ARM-Lab/ARM-Lab/code/2_decode/sign_extender_test.sv" into library xil_defaultlib
WARNING: [VRFC 10-3264] design element 'verification' is previously defined, ignoring this definition [../../../../../ARM-Lab/code/0_common/verification_functions.sv:3]
INFO: [VRFC 10-311] analyzing module sign_extender_test
INFO: [USF-XSim-69] 'compile' step finished in '1' seconds
Command: launch_simulation -step elaborate -simset sim_1 -mode behavioral
INFO: [Vivado 12-12493] Simulation top is 'sign_extender_test'
WARNING: [Vivado 12-12986] Compiled library path does not exist: ''
INFO: [Vivado 12-5682] Launching behavioral simulation in 'C:/Users/reese_ford1/Documents/GitHub/ARM-Lab/ARM-Project/ARM-Project.sim/sim_1/behav/xsim'
INFO: [SIM-utils-51] Simulation object is 'sim_1'
INFO: [USF-XSim-3] XSim::Elaborate design
INFO: [USF-XSim-61] Executing 'ELABORATE' step in 'C:/Users/reese_ford1/Documents/GitHub/ARM-Lab/ARM-Project/ARM-Project.sim/sim_1/behav/xsim'
"xelab --incr --debug typical --relax --mt 2 -L xil_defaultlib -L uvm -L unisims_ver -L unimacro_ver -L secureip --snapshot sign_extender_test_behav xil_defaultlib.sign_extender_test xil_defaultlib.glbl -log elaborate.log"
Vivado Simulator v2021.2
Copyright 1986-1999, 2001-2021 Xilinx, Inc. All Rights Reserved.
Running: C:/XilinxVitis/Vivado/2021.2/bin/unwrapped/win64.o/xelab.exe --incr --debug typical --relax --mt 2 -L xil_defaultlib -L uvm -L unisims_ver -L unimacro_ver -L secureip --snapshot sign_extender_test_behav xil_defaultlib.sign_extender_test xil_defaultlib.glbl -log elaborate.log 
Using 2 slave threads.
Starting static elaboration
Pass Through NonSizing Optimizer
Completed static elaboration
Starting simulation data flow analysis
Completed simulation data flow analysis
Time Resolution for simulation is 1ps
Compiling package xil_defaultlib.verification
Compiling module xil_defaultlib.sign_extender
Compiling module xil_defaultlib.sign_extender_test
Compiling module xil_defaultlib.glbl
Built simulation snapshot sign_extender_test_behav
INFO: [USF-XSim-69] 'elaborate' step finished in '2' seconds
Time resolution is 1 ps

******* BEGIN TEST RESULTS *******

Test Case 1: | instruction = f84402c9
+++ Step 1: Pass: |sign_extended_output| time = 10 ns | er = 64 | ar = 64 | er_bits = 64 | ar_bits = 64 +++
Test Case 2: | instruction = 8a09026a
+++ Step 1: Pass: |sign_extended_output| time = 20 ns | er = 0 | ar = 0 | er_bits = 64 | ar_bits = 64 +++
Test Case 3: | instruction = cb0a028b
+++ Step 1: Pass: |sign_extended_output| time = 30 ns | er = 0 | ar = 0 | er_bits = 64 | ar_bits = 64 +++
Test Case 4: | instruction = f80602cb
+++ Step 1: Pass: |sign_extended_output| time = 40 ns | er = 96 | ar = 96 | er_bits = 64 | ar_bits = 64 +++
Test Case 5: | instruction = b4ffff6b
+++ Step 1: Pass: |sign_extended_output| time = 50 ns | er = -5 | ar = -5 | er_bits = 64 | ar_bits = 64 +++
Test Case 6: | instruction = b400109
--- Step 1: Fail: |sign_extended_output| time = 60 ns | er = 8 | ar = 0 | er_bits = 64 | ar_bits = 64 ---
Test Case 7: | instruction = 14000040
+++ Step 1: Pass: |sign_extended_output| time = 70 ns | er = 64 | ar = 64 | er_bits = 64 | ar_bits = 64 +++
Test Case 8: | instruction = xxxxxxxx
--- Step 1: Fail: |sign_extended_output| time = 80 ns | er = -55 | ar = -256 | er_bits = 64 | ar_bits = 64 ---
Test Case 9: | instruction = aa150149
+++ Step 1: Pass: |sign_extended_output| time = 90 ns | er = 0 | ar = 0 | er_bits = 64 | ar_bits = 64 +++
Test Case 10: | instruction = xxxxxxxx
--- Step 1: Fail: |sign_extended_output| time = 100 ns | er = 0 | ar = -256 | er_bits = 64 | ar_bits = 64 ---

Pass Count = 7
Fail Count = 3

******* END TEST RESULTS *******

$finish called at time : 100 ns : File "C:/Users/reese_ford1/Documents/GitHub/ARM-Lab/ARM-Lab/code/2_decode/sign_extender_test.sv" Line 103
relaunch_sim: Time (s): cpu = 00:00:01 ; elapsed = 00:00:07 . Memory (MB): peak = 1530.082 ; gain = 0.000
relaunch_sim
Command: launch_simulation -step compile -simset sim_1 -mode behavioral
INFO: [Vivado 12-12493] Simulation top is 'sign_extender_test'
WARNING: [Vivado 12-12986] Compiled library path does not exist: ''
INFO: [Vivado 12-5682] Launching behavioral simulation in 'C:/Users/reese_ford1/Documents/GitHub/ARM-Lab/ARM-Project/ARM-Project.sim/sim_1/behav/xsim'
INFO: [SIM-utils-51] Simulation object is 'sim_1'
INFO: [USF-XSim-2] XSim::Compile design
INFO: [USF-XSim-61] Executing 'COMPILE and ANALYZE' step in 'C:/Users/reese_ford1/Documents/GitHub/ARM-Lab/ARM-Project/ARM-Project.sim/sim_1/behav/xsim'
"xvlog --incr --relax -L uvm -prj sign_extender_test_vlog.prj"
INFO: [VRFC 10-2263] Analyzing SystemVerilog file "C:/Users/reese_ford1/Documents/GitHub/ARM-Lab/ARM-Lab/code/0_common/verification_functions.sv" into library xil_defaultlib
INFO: [VRFC 10-2263] Analyzing SystemVerilog file "C:/Users/reese_ford1/Documents/GitHub/ARM-Lab/ARM-Lab/code/2_decode/sign_extender_test.sv" into library xil_defaultlib
WARNING: [VRFC 10-3264] design element 'verification' is previously defined, ignoring this definition [../../../../../ARM-Lab/code/0_common/verification_functions.sv:3]
INFO: [VRFC 10-311] analyzing module sign_extender_test
INFO: [USF-XSim-69] 'compile' step finished in '2' seconds
Command: launch_simulation -step elaborate -simset sim_1 -mode behavioral
INFO: [Vivado 12-12493] Simulation top is 'sign_extender_test'
WARNING: [Vivado 12-12986] Compiled library path does not exist: ''
INFO: [Vivado 12-5682] Launching behavioral simulation in 'C:/Users/reese_ford1/Documents/GitHub/ARM-Lab/ARM-Project/ARM-Project.sim/sim_1/behav/xsim'
INFO: [SIM-utils-51] Simulation object is 'sim_1'
INFO: [USF-XSim-3] XSim::Elaborate design
INFO: [USF-XSim-61] Executing 'ELABORATE' step in 'C:/Users/reese_ford1/Documents/GitHub/ARM-Lab/ARM-Project/ARM-Project.sim/sim_1/behav/xsim'
"xelab --incr --debug typical --relax --mt 2 -L xil_defaultlib -L uvm -L unisims_ver -L unimacro_ver -L secureip --snapshot sign_extender_test_behav xil_defaultlib.sign_extender_test xil_defaultlib.glbl -log elaborate.log"
Vivado Simulator v2021.2
Copyright 1986-1999, 2001-2021 Xilinx, Inc. All Rights Reserved.
Running: C:/XilinxVitis/Vivado/2021.2/bin/unwrapped/win64.o/xelab.exe --incr --debug typical --relax --mt 2 -L xil_defaultlib -L uvm -L unisims_ver -L unimacro_ver -L secureip --snapshot sign_extender_test_behav xil_defaultlib.sign_extender_test xil_defaultlib.glbl -log elaborate.log 
Using 2 slave threads.
Starting static elaboration
Pass Through NonSizing Optimizer
Completed static elaboration
Starting simulation data flow analysis
Completed simulation data flow analysis
Time Resolution for simulation is 1ps
Compiling package xil_defaultlib.verification
Compiling module xil_defaultlib.sign_extender
Compiling module xil_defaultlib.sign_extender_test
Compiling module xil_defaultlib.glbl
Built simulation snapshot sign_extender_test_behav
INFO: [USF-XSim-69] 'elaborate' step finished in '2' seconds
Time resolution is 1 ps

******* BEGIN TEST RESULTS *******

Test Case 1: | instruction = f84402c9
+++ Step 1: Pass: |sign_extended_output| time = 10 ns | er = 64 | ar = 64 | er_bits = 64 | ar_bits = 64 +++
Test Case 2: | instruction = 8a09026a
+++ Step 1: Pass: |sign_extended_output| time = 20 ns | er = 0 | ar = 0 | er_bits = 64 | ar_bits = 64 +++
Test Case 3: | instruction = cb0a028b
+++ Step 1: Pass: |sign_extended_output| time = 30 ns | er = 0 | ar = 0 | er_bits = 64 | ar_bits = 64 +++
Test Case 4: | instruction = f80602cb
+++ Step 1: Pass: |sign_extended_output| time = 40 ns | er = 96 | ar = 96 | er_bits = 64 | ar_bits = 64 +++
Test Case 5: | instruction = b4ffff6b
+++ Step 1: Pass: |sign_extended_output| time = 50 ns | er = -5 | ar = -5 | er_bits = 64 | ar_bits = 64 +++
Test Case 6: | instruction = 490000b4
--- Step 1: Fail: |sign_extended_output| time = 60 ns | er = 8 | ar = 0 | er_bits = 64 | ar_bits = 64 ---
Test Case 7: | instruction = 14000040
+++ Step 1: Pass: |sign_extended_output| time = 70 ns | er = 64 | ar = 64 | er_bits = 64 | ar_bits = 64 +++
Test Case 8: | instruction = xxxxxxxx
--- Step 1: Fail: |sign_extended_output| time = 80 ns | er = -55 | ar = -256 | er_bits = 64 | ar_bits = 64 ---
Test Case 9: | instruction = aa150149
+++ Step 1: Pass: |sign_extended_output| time = 90 ns | er = 0 | ar = 0 | er_bits = 64 | ar_bits = 64 +++
Test Case 10: | instruction = xxxxxxxx
--- Step 1: Fail: |sign_extended_output| time = 100 ns | er = 0 | ar = -256 | er_bits = 64 | ar_bits = 64 ---

Pass Count = 7
Fail Count = 3

******* END TEST RESULTS *******

$finish called at time : 100 ns : File "C:/Users/reese_ford1/Documents/GitHub/ARM-Lab/ARM-Lab/code/2_decode/sign_extender_test.sv" Line 103
relaunch_sim: Time (s): cpu = 00:00:01 ; elapsed = 00:00:07 . Memory (MB): peak = 1530.082 ; gain = 0.000
relaunch_sim
Command: launch_simulation -step compile -simset sim_1 -mode behavioral
INFO: [Vivado 12-12493] Simulation top is 'sign_extender_test'
WARNING: [Vivado 12-12986] Compiled library path does not exist: ''
INFO: [Vivado 12-5682] Launching behavioral simulation in 'C:/Users/reese_ford1/Documents/GitHub/ARM-Lab/ARM-Project/ARM-Project.sim/sim_1/behav/xsim'
INFO: [SIM-utils-51] Simulation object is 'sim_1'
INFO: [USF-XSim-2] XSim::Compile design
INFO: [USF-XSim-61] Executing 'COMPILE and ANALYZE' step in 'C:/Users/reese_ford1/Documents/GitHub/ARM-Lab/ARM-Project/ARM-Project.sim/sim_1/behav/xsim'
"xvlog --incr --relax -L uvm -prj sign_extender_test_vlog.prj"
INFO: [VRFC 10-2263] Analyzing SystemVerilog file "C:/Users/reese_ford1/Documents/GitHub/ARM-Lab/ARM-Lab/code/0_common/verification_functions.sv" into library xil_defaultlib
INFO: [VRFC 10-2263] Analyzing SystemVerilog file "C:/Users/reese_ford1/Documents/GitHub/ARM-Lab/ARM-Lab/code/2_decode/sign_extender_test.sv" into library xil_defaultlib
WARNING: [VRFC 10-3264] design element 'verification' is previously defined, ignoring this definition [../../../../../ARM-Lab/code/0_common/verification_functions.sv:3]
INFO: [VRFC 10-311] analyzing module sign_extender_test
WARNING: [VRFC 10-8497] literal value 'bb10110100111111111111111100001001 truncated to fit in 32 bits [C:/Users/reese_ford1/Documents/GitHub/ARM-Lab/ARM-Lab/code/2_decode/sign_extender_test.sv:67]
INFO: [USF-XSim-69] 'compile' step finished in '2' seconds
Command: launch_simulation -step elaborate -simset sim_1 -mode behavioral
INFO: [Vivado 12-12493] Simulation top is 'sign_extender_test'
WARNING: [Vivado 12-12986] Compiled library path does not exist: ''
INFO: [Vivado 12-5682] Launching behavioral simulation in 'C:/Users/reese_ford1/Documents/GitHub/ARM-Lab/ARM-Project/ARM-Project.sim/sim_1/behav/xsim'
INFO: [SIM-utils-51] Simulation object is 'sim_1'
INFO: [USF-XSim-3] XSim::Elaborate design
INFO: [USF-XSim-61] Executing 'ELABORATE' step in 'C:/Users/reese_ford1/Documents/GitHub/ARM-Lab/ARM-Project/ARM-Project.sim/sim_1/behav/xsim'
"xelab --incr --debug typical --relax --mt 2 -L xil_defaultlib -L uvm -L unisims_ver -L unimacro_ver -L secureip --snapshot sign_extender_test_behav xil_defaultlib.sign_extender_test xil_defaultlib.glbl -log elaborate.log"
Vivado Simulator v2021.2
Copyright 1986-1999, 2001-2021 Xilinx, Inc. All Rights Reserved.
Running: C:/XilinxVitis/Vivado/2021.2/bin/unwrapped/win64.o/xelab.exe --incr --debug typical --relax --mt 2 -L xil_defaultlib -L uvm -L unisims_ver -L unimacro_ver -L secureip --snapshot sign_extender_test_behav xil_defaultlib.sign_extender_test xil_defaultlib.glbl -log elaborate.log 
Using 2 slave threads.
Starting static elaboration
Pass Through NonSizing Optimizer
Completed static elaboration
Starting simulation data flow analysis
Completed simulation data flow analysis
Time Resolution for simulation is 1ps
Compiling package xil_defaultlib.verification
Compiling module xil_defaultlib.sign_extender
Compiling module xil_defaultlib.sign_extender_test
Compiling module xil_defaultlib.glbl
Built simulation snapshot sign_extender_test_behav
INFO: [USF-XSim-69] 'elaborate' step finished in '2' seconds
Time resolution is 1 ps

******* BEGIN TEST RESULTS *******

Test Case 1: | instruction = f84402c9
+++ Step 1: Pass: |sign_extended_output| time = 10 ns | er = 64 | ar = 64 | er_bits = 64 | ar_bits = 64 +++
Test Case 2: | instruction = 8a09026a
+++ Step 1: Pass: |sign_extended_output| time = 20 ns | er = 0 | ar = 0 | er_bits = 64 | ar_bits = 64 +++
Test Case 3: | instruction = cb0a028b
+++ Step 1: Pass: |sign_extended_output| time = 30 ns | er = 0 | ar = 0 | er_bits = 64 | ar_bits = 64 +++
Test Case 4: | instruction = f80602cb
+++ Step 1: Pass: |sign_extended_output| time = 40 ns | er = 96 | ar = 96 | er_bits = 64 | ar_bits = 64 +++
Test Case 5: | instruction = b4ffff6b
+++ Step 1: Pass: |sign_extended_output| time = 50 ns | er = -5 | ar = -5 | er_bits = 64 | ar_bits = 64 +++
Test Case 6: | instruction = b4ffff09
--- Step 1: Fail: |sign_extended_output| time = 60 ns | er = 8 | ar = -8 | er_bits = 64 | ar_bits = 64 ---
Test Case 7: | instruction = 14000040
+++ Step 1: Pass: |sign_extended_output| time = 70 ns | er = 64 | ar = 64 | er_bits = 64 | ar_bits = 64 +++
Test Case 8: | instruction = xxxxxxxx
--- Step 1: Fail: |sign_extended_output| time = 80 ns | er = -55 | ar = -256 | er_bits = 64 | ar_bits = 64 ---
Test Case 9: | instruction = aa150149
+++ Step 1: Pass: |sign_extended_output| time = 90 ns | er = 0 | ar = 0 | er_bits = 64 | ar_bits = 64 +++
Test Case 10: | instruction = xxxxxxxx
--- Step 1: Fail: |sign_extended_output| time = 100 ns | er = 0 | ar = -256 | er_bits = 64 | ar_bits = 64 ---

Pass Count = 7
Fail Count = 3

******* END TEST RESULTS *******

$finish called at time : 100 ns : File "C:/Users/reese_ford1/Documents/GitHub/ARM-Lab/ARM-Lab/code/2_decode/sign_extender_test.sv" Line 103
relaunch_sim: Time (s): cpu = 00:00:00 ; elapsed = 00:00:07 . Memory (MB): peak = 1530.082 ; gain = 0.000
relaunch_sim
Command: launch_simulation -step compile -simset sim_1 -mode behavioral
INFO: [Vivado 12-12493] Simulation top is 'sign_extender_test'
WARNING: [Vivado 12-12986] Compiled library path does not exist: ''
INFO: [Vivado 12-5682] Launching behavioral simulation in 'C:/Users/reese_ford1/Documents/GitHub/ARM-Lab/ARM-Project/ARM-Project.sim/sim_1/behav/xsim'
INFO: [SIM-utils-51] Simulation object is 'sim_1'
INFO: [USF-XSim-2] XSim::Compile design
INFO: [USF-XSim-61] Executing 'COMPILE and ANALYZE' step in 'C:/Users/reese_ford1/Documents/GitHub/ARM-Lab/ARM-Project/ARM-Project.sim/sim_1/behav/xsim'
"xvlog --incr --relax -L uvm -prj sign_extender_test_vlog.prj"
INFO: [VRFC 10-2263] Analyzing SystemVerilog file "C:/Users/reese_ford1/Documents/GitHub/ARM-Lab/ARM-Lab/code/0_common/verification_functions.sv" into library xil_defaultlib
INFO: [VRFC 10-2263] Analyzing SystemVerilog file "C:/Users/reese_ford1/Documents/GitHub/ARM-Lab/ARM-Lab/code/2_decode/sign_extender_test.sv" into library xil_defaultlib
WARNING: [VRFC 10-3264] design element 'verification' is previously defined, ignoring this definition [../../../../../ARM-Lab/code/0_common/verification_functions.sv:3]
INFO: [VRFC 10-311] analyzing module sign_extender_test
INFO: [USF-XSim-69] 'compile' step finished in '2' seconds
Command: launch_simulation -step elaborate -simset sim_1 -mode behavioral
INFO: [Vivado 12-12493] Simulation top is 'sign_extender_test'
WARNING: [Vivado 12-12986] Compiled library path does not exist: ''
INFO: [Vivado 12-5682] Launching behavioral simulation in 'C:/Users/reese_ford1/Documents/GitHub/ARM-Lab/ARM-Project/ARM-Project.sim/sim_1/behav/xsim'
INFO: [SIM-utils-51] Simulation object is 'sim_1'
INFO: [USF-XSim-3] XSim::Elaborate design
INFO: [USF-XSim-61] Executing 'ELABORATE' step in 'C:/Users/reese_ford1/Documents/GitHub/ARM-Lab/ARM-Project/ARM-Project.sim/sim_1/behav/xsim'
"xelab --incr --debug typical --relax --mt 2 -L xil_defaultlib -L uvm -L unisims_ver -L unimacro_ver -L secureip --snapshot sign_extender_test_behav xil_defaultlib.sign_extender_test xil_defaultlib.glbl -log elaborate.log"
Vivado Simulator v2021.2
Copyright 1986-1999, 2001-2021 Xilinx, Inc. All Rights Reserved.
Running: C:/XilinxVitis/Vivado/2021.2/bin/unwrapped/win64.o/xelab.exe --incr --debug typical --relax --mt 2 -L xil_defaultlib -L uvm -L unisims_ver -L unimacro_ver -L secureip --snapshot sign_extender_test_behav xil_defaultlib.sign_extender_test xil_defaultlib.glbl -log elaborate.log 
Using 2 slave threads.
Starting static elaboration
Pass Through NonSizing Optimizer
Completed static elaboration
Starting simulation data flow analysis
Completed simulation data flow analysis
Time Resolution for simulation is 1ps
Compiling package xil_defaultlib.verification
Compiling module xil_defaultlib.sign_extender
Compiling module xil_defaultlib.sign_extender_test
Compiling module xil_defaultlib.glbl
Built simulation snapshot sign_extender_test_behav
INFO: [USF-XSim-69] 'elaborate' step finished in '2' seconds
Time resolution is 1 ps

******* BEGIN TEST RESULTS *******

Test Case 1: | instruction = f84402c9
+++ Step 1: Pass: |sign_extended_output| time = 10 ns | er = 64 | ar = 64 | er_bits = 64 | ar_bits = 64 +++
Test Case 2: | instruction = 8a09026a
+++ Step 1: Pass: |sign_extended_output| time = 20 ns | er = 0 | ar = 0 | er_bits = 64 | ar_bits = 64 +++
Test Case 3: | instruction = cb0a028b
+++ Step 1: Pass: |sign_extended_output| time = 30 ns | er = 0 | ar = 0 | er_bits = 64 | ar_bits = 64 +++
Test Case 4: | instruction = f80602cb
+++ Step 1: Pass: |sign_extended_output| time = 40 ns | er = 96 | ar = 96 | er_bits = 64 | ar_bits = 64 +++
Test Case 5: | instruction = b4ffff6b
+++ Step 1: Pass: |sign_extended_output| time = 50 ns | er = -5 | ar = -5 | er_bits = 64 | ar_bits = 64 +++
Test Case 6: | instruction = b4000109
+++ Step 1: Pass: |sign_extended_output| time = 60 ns | er = 8 | ar = 8 | er_bits = 64 | ar_bits = 64 +++
Test Case 7: | instruction = 14000040
+++ Step 1: Pass: |sign_extended_output| time = 70 ns | er = 64 | ar = 64 | er_bits = 64 | ar_bits = 64 +++
Test Case 8: | instruction = xxxxxxxx
--- Step 1: Fail: |sign_extended_output| time = 80 ns | er = -55 | ar = -256 | er_bits = 64 | ar_bits = 64 ---
Test Case 9: | instruction = aa150149
+++ Step 1: Pass: |sign_extended_output| time = 90 ns | er = 0 | ar = 0 | er_bits = 64 | ar_bits = 64 +++
Test Case 10: | instruction = xxxxxxxx
--- Step 1: Fail: |sign_extended_output| time = 100 ns | er = 0 | ar = -256 | er_bits = 64 | ar_bits = 64 ---

Pass Count = 8
Fail Count = 2

******* END TEST RESULTS *******

$finish called at time : 100 ns : File "C:/Users/reese_ford1/Documents/GitHub/ARM-Lab/ARM-Lab/code/2_decode/sign_extender_test.sv" Line 103
relaunch_sim: Time (s): cpu = 00:00:00 ; elapsed = 00:00:06 . Memory (MB): peak = 1530.082 ; gain = 0.000
relaunch_sim
Command: launch_simulation -step compile -simset sim_1 -mode behavioral
INFO: [Vivado 12-12493] Simulation top is 'sign_extender_test'
WARNING: [Vivado 12-12986] Compiled library path does not exist: ''
INFO: [Vivado 12-5682] Launching behavioral simulation in 'C:/Users/reese_ford1/Documents/GitHub/ARM-Lab/ARM-Project/ARM-Project.sim/sim_1/behav/xsim'
INFO: [SIM-utils-51] Simulation object is 'sim_1'
INFO: [USF-XSim-2] XSim::Compile design
INFO: [USF-XSim-61] Executing 'COMPILE and ANALYZE' step in 'C:/Users/reese_ford1/Documents/GitHub/ARM-Lab/ARM-Project/ARM-Project.sim/sim_1/behav/xsim'
"xvlog --incr --relax -L uvm -prj sign_extender_test_vlog.prj"
INFO: [VRFC 10-2263] Analyzing SystemVerilog file "C:/Users/reese_ford1/Documents/GitHub/ARM-Lab/ARM-Lab/code/0_common/verification_functions.sv" into library xil_defaultlib
INFO: [VRFC 10-2263] Analyzing SystemVerilog file "C:/Users/reese_ford1/Documents/GitHub/ARM-Lab/ARM-Lab/code/2_decode/sign_extender_test.sv" into library xil_defaultlib
WARNING: [VRFC 10-3264] design element 'verification' is previously defined, ignoring this definition [../../../../../ARM-Lab/code/0_common/verification_functions.sv:3]
INFO: [VRFC 10-311] analyzing module sign_extender_test
INFO: [USF-XSim-69] 'compile' step finished in '2' seconds
Command: launch_simulation -step elaborate -simset sim_1 -mode behavioral
INFO: [Vivado 12-12493] Simulation top is 'sign_extender_test'
WARNING: [Vivado 12-12986] Compiled library path does not exist: ''
INFO: [Vivado 12-5682] Launching behavioral simulation in 'C:/Users/reese_ford1/Documents/GitHub/ARM-Lab/ARM-Project/ARM-Project.sim/sim_1/behav/xsim'
INFO: [SIM-utils-51] Simulation object is 'sim_1'
INFO: [USF-XSim-3] XSim::Elaborate design
INFO: [USF-XSim-61] Executing 'ELABORATE' step in 'C:/Users/reese_ford1/Documents/GitHub/ARM-Lab/ARM-Project/ARM-Project.sim/sim_1/behav/xsim'
"xelab --incr --debug typical --relax --mt 2 -L xil_defaultlib -L uvm -L unisims_ver -L unimacro_ver -L secureip --snapshot sign_extender_test_behav xil_defaultlib.sign_extender_test xil_defaultlib.glbl -log elaborate.log"
Vivado Simulator v2021.2
Copyright 1986-1999, 2001-2021 Xilinx, Inc. All Rights Reserved.
Running: C:/XilinxVitis/Vivado/2021.2/bin/unwrapped/win64.o/xelab.exe --incr --debug typical --relax --mt 2 -L xil_defaultlib -L uvm -L unisims_ver -L unimacro_ver -L secureip --snapshot sign_extender_test_behav xil_defaultlib.sign_extender_test xil_defaultlib.glbl -log elaborate.log 
Using 2 slave threads.
Starting static elaboration
Pass Through NonSizing Optimizer
Completed static elaboration
Starting simulation data flow analysis
Completed simulation data flow analysis
Time Resolution for simulation is 1ps
Compiling package xil_defaultlib.verification
Compiling module xil_defaultlib.sign_extender
Compiling module xil_defaultlib.sign_extender_test
Compiling module xil_defaultlib.glbl
Built simulation snapshot sign_extender_test_behav
INFO: [USF-XSim-69] 'elaborate' step finished in '2' seconds
Time resolution is 1 ps

******* BEGIN TEST RESULTS *******

Test Case 1: | instruction = f84402c9
+++ Step 1: Pass: |sign_extended_output| time = 10 ns | er = 64 | ar = 64 | er_bits = 64 | ar_bits = 64 +++
Test Case 2: | instruction = 8a09026a
+++ Step 1: Pass: |sign_extended_output| time = 20 ns | er = 0 | ar = 0 | er_bits = 64 | ar_bits = 64 +++
Test Case 3: | instruction = cb0a028b
+++ Step 1: Pass: |sign_extended_output| time = 30 ns | er = 0 | ar = 0 | er_bits = 64 | ar_bits = 64 +++
Test Case 4: | instruction = f80602cb
+++ Step 1: Pass: |sign_extended_output| time = 40 ns | er = 96 | ar = 96 | er_bits = 64 | ar_bits = 64 +++
Test Case 5: | instruction = b4ffff6b
+++ Step 1: Pass: |sign_extended_output| time = 50 ns | er = -5 | ar = -5 | er_bits = 64 | ar_bits = 64 +++
Test Case 6: | instruction = b4000109
+++ Step 1: Pass: |sign_extended_output| time = 60 ns | er = 8 | ar = 8 | er_bits = 64 | ar_bits = 64 +++
Test Case 7: | instruction = 14000040
+++ Step 1: Pass: |sign_extended_output| time = 70 ns | er = 64 | ar = 64 | er_bits = 64 | ar_bits = 64 +++
Test Case 8: | instruction = 17ffffc9
+++ Step 1: Pass: |sign_extended_output| time = 80 ns | er = -55 | ar = -55 | er_bits = 64 | ar_bits = 64 +++
Test Case 9: | instruction = aa150149
+++ Step 1: Pass: |sign_extended_output| time = 90 ns | er = 0 | ar = 0 | er_bits = 64 | ar_bits = 64 +++
Test Case 10: | instruction = xxxxxxxx
--- Step 1: Fail: |sign_extended_output| time = 100 ns | er = 0 | ar = -256 | er_bits = 64 | ar_bits = 64 ---

Pass Count = 9
Fail Count = 1

******* END TEST RESULTS *******

$finish called at time : 100 ns : File "C:/Users/reese_ford1/Documents/GitHub/ARM-Lab/ARM-Lab/code/2_decode/sign_extender_test.sv" Line 103
relaunch_sim: Time (s): cpu = 00:00:00 ; elapsed = 00:00:07 . Memory (MB): peak = 1530.082 ; gain = 0.000
relaunch_sim
Command: launch_simulation -step compile -simset sim_1 -mode behavioral
INFO: [Vivado 12-12493] Simulation top is 'sign_extender_test'
WARNING: [Vivado 12-12986] Compiled library path does not exist: ''
INFO: [Vivado 12-5682] Launching behavioral simulation in 'C:/Users/reese_ford1/Documents/GitHub/ARM-Lab/ARM-Project/ARM-Project.sim/sim_1/behav/xsim'
INFO: [SIM-utils-51] Simulation object is 'sim_1'
INFO: [USF-XSim-2] XSim::Compile design
INFO: [USF-XSim-61] Executing 'COMPILE and ANALYZE' step in 'C:/Users/reese_ford1/Documents/GitHub/ARM-Lab/ARM-Project/ARM-Project.sim/sim_1/behav/xsim'
"xvlog --incr --relax -L uvm -prj sign_extender_test_vlog.prj"
INFO: [VRFC 10-2263] Analyzing SystemVerilog file "C:/Users/reese_ford1/Documents/GitHub/ARM-Lab/ARM-Lab/code/0_common/verification_functions.sv" into library xil_defaultlib
INFO: [VRFC 10-2263] Analyzing SystemVerilog file "C:/Users/reese_ford1/Documents/GitHub/ARM-Lab/ARM-Lab/code/2_decode/sign_extender_test.sv" into library xil_defaultlib
WARNING: [VRFC 10-3264] design element 'verification' is previously defined, ignoring this definition [../../../../../ARM-Lab/code/0_common/verification_functions.sv:3]
INFO: [VRFC 10-311] analyzing module sign_extender_test
INFO: [USF-XSim-69] 'compile' step finished in '2' seconds
Command: launch_simulation -step elaborate -simset sim_1 -mode behavioral
INFO: [Vivado 12-12493] Simulation top is 'sign_extender_test'
WARNING: [Vivado 12-12986] Compiled library path does not exist: ''
INFO: [Vivado 12-5682] Launching behavioral simulation in 'C:/Users/reese_ford1/Documents/GitHub/ARM-Lab/ARM-Project/ARM-Project.sim/sim_1/behav/xsim'
INFO: [SIM-utils-51] Simulation object is 'sim_1'
INFO: [USF-XSim-3] XSim::Elaborate design
INFO: [USF-XSim-61] Executing 'ELABORATE' step in 'C:/Users/reese_ford1/Documents/GitHub/ARM-Lab/ARM-Project/ARM-Project.sim/sim_1/behav/xsim'
"xelab --incr --debug typical --relax --mt 2 -L xil_defaultlib -L uvm -L unisims_ver -L unimacro_ver -L secureip --snapshot sign_extender_test_behav xil_defaultlib.sign_extender_test xil_defaultlib.glbl -log elaborate.log"
Vivado Simulator v2021.2
Copyright 1986-1999, 2001-2021 Xilinx, Inc. All Rights Reserved.
Running: C:/XilinxVitis/Vivado/2021.2/bin/unwrapped/win64.o/xelab.exe --incr --debug typical --relax --mt 2 -L xil_defaultlib -L uvm -L unisims_ver -L unimacro_ver -L secureip --snapshot sign_extender_test_behav xil_defaultlib.sign_extender_test xil_defaultlib.glbl -log elaborate.log 
Using 2 slave threads.
Starting static elaboration
Pass Through NonSizing Optimizer
Completed static elaboration
Starting simulation data flow analysis
Completed simulation data flow analysis
Time Resolution for simulation is 1ps
Compiling package xil_defaultlib.verification
Compiling module xil_defaultlib.sign_extender
Compiling module xil_defaultlib.sign_extender_test
Compiling module xil_defaultlib.glbl
Built simulation snapshot sign_extender_test_behav
INFO: [USF-XSim-69] 'elaborate' step finished in '3' seconds
Time resolution is 1 ps

******* BEGIN TEST RESULTS *******

Test Case 1: | instruction = f84402c9
+++ Step 1: Pass: |sign_extended_output| time = 10 ns | er = 64 | ar = 64 | er_bits = 64 | ar_bits = 64 +++
Test Case 2: | instruction = 8a09026a
+++ Step 1: Pass: |sign_extended_output| time = 20 ns | er = 0 | ar = 0 | er_bits = 64 | ar_bits = 64 +++
Test Case 3: | instruction = cb0a028b
+++ Step 1: Pass: |sign_extended_output| time = 30 ns | er = 0 | ar = 0 | er_bits = 64 | ar_bits = 64 +++
Test Case 4: | instruction = f80602cb
+++ Step 1: Pass: |sign_extended_output| time = 40 ns | er = 96 | ar = 96 | er_bits = 64 | ar_bits = 64 +++
Test Case 5: | instruction = b4ffff6b
+++ Step 1: Pass: |sign_extended_output| time = 50 ns | er = -5 | ar = -5 | er_bits = 64 | ar_bits = 64 +++
Test Case 6: | instruction = b4000109
+++ Step 1: Pass: |sign_extended_output| time = 60 ns | er = 8 | ar = 8 | er_bits = 64 | ar_bits = 64 +++
Test Case 7: | instruction = 14000040
+++ Step 1: Pass: |sign_extended_output| time = 70 ns | er = 64 | ar = 64 | er_bits = 64 | ar_bits = 64 +++
Test Case 8: | instruction = 17ffffc9
+++ Step 1: Pass: |sign_extended_output| time = 80 ns | er = -55 | ar = -55 | er_bits = 64 | ar_bits = 64 +++
Test Case 9: | instruction = aa150149
+++ Step 1: Pass: |sign_extended_output| time = 90 ns | er = 0 | ar = 0 | er_bits = 64 | ar_bits = 64 +++
Test Case 10: | instruction = 8a0a02c9
+++ Step 1: Pass: |sign_extended_output| time = 100 ns | er = 0 | ar = 0 | er_bits = 64 | ar_bits = 64 +++

Pass Count = 10
Fail Count = 0

******* END TEST RESULTS *******

$finish called at time : 100 ns : File "C:/Users/reese_ford1/Documents/GitHub/ARM-Lab/ARM-Lab/code/2_decode/sign_extender_test.sv" Line 103
relaunch_sim: Time (s): cpu = 00:00:01 ; elapsed = 00:00:08 . Memory (MB): peak = 1530.082 ; gain = 0.000
save_wave_config {C:/Users/reese_ford1/Documents/GitHub/ARM-Lab/ARM-Project/sign_extender_test_behav.wcfg}
close_sim
INFO: [Simtcl 6-16] Simulation closed
exit
INFO: [Common 17-206] Exiting Vivado at Tue Feb 20 15:30:53 2024...
