#-----------------------------------------------------------
# Vivado v2021.2 (64-bit)
# SW Build 3367213 on Tue Oct 19 02:48:09 MDT 2021
# IP Build 3369179 on Thu Oct 21 08:25:16 MDT 2021
# Start of session at: Wed Apr  3 14:43:14 2024
# Process ID: 28012
# Current directory: C:/Users/reese/Documents/GitHub/ARM-Lab/ARM-Project
# Command line: vivado.exe -gui_launcher_event rodinguilauncherevent27800 C:\Users\reese\Documents\GitHub\ARM-Lab\ARM-Project\ARM-Project.xpr
# Log file: C:/Users/reese/Documents/GitHub/ARM-Lab/ARM-Project/vivado.log
# Journal file: C:/Users/reese/Documents/GitHub/ARM-Lab/ARM-Project\vivado.jou
# Running On: ReeseZeph-Part2, OS: Windows, CPU Frequency: 3294 MHz, CPU Physical cores: 16, Host memory: 16366 MB
#-----------------------------------------------------------
start_gui
open_project C:/Users/reese/Documents/GitHub/ARM-Lab/ARM-Project/ARM-Project.xpr
WARNING: [Board 49-26] cannot add Board Part xilinx.com:kc705:part0:1.6 available at C:/Xilinx/Vivado/2021.2/data/xhub/boards/XilinxBoardStore/boards/Xilinx/kc705/1.6/board.xml as part xc7k325tffg900-2 specified in board_part file is either invalid or not available
WARNING: [Board 49-26] cannot add Board Part xilinx.com:kcu105:part0:1.6 available at C:/Xilinx/Vivado/2021.2/data/xhub/boards/XilinxBoardStore/boards/Xilinx/kcu105/1.6/board.xml as part xcku040-ffva1156-2-e specified in board_part file is either invalid or not available
WARNING: [Board 49-26] cannot add Board Part xilinx.com:kcu105:part0:1.7 available at C:/Xilinx/Vivado/2021.2/data/xhub/boards/XilinxBoardStore/boards/Xilinx/kcu105/1.7/board.xml as part xcku040-ffva1156-2-e specified in board_part file is either invalid or not available
WARNING: [Board 49-26] cannot add Board Part xilinx.com:kcu116:part0:1.4 available at C:/Xilinx/Vivado/2021.2/data/xhub/boards/XilinxBoardStore/boards/Xilinx/kcu116/1.4/board.xml as part xcku5p-ffvb676-2-e specified in board_part file is either invalid or not available
WARNING: [Board 49-26] cannot add Board Part xilinx.com:kcu116:part0:1.5 available at C:/Xilinx/Vivado/2021.2/data/xhub/boards/XilinxBoardStore/boards/Xilinx/kcu116/1.5/board.xml as part xcku5p-ffvb676-2-e specified in board_part file is either invalid or not available
WARNING: [Board 49-26] cannot add Board Part xilinx.com:kcu1500:part0:1.2 available at C:/Xilinx/Vivado/2021.2/data/xhub/boards/XilinxBoardStore/boards/Xilinx/kcu1500/1.2/board.xml as part xcku115-flvb2104-2-e specified in board_part file is either invalid or not available
WARNING: [Board 49-26] cannot add Board Part xilinx.com:vc707:part0:1.4 available at C:/Xilinx/Vivado/2021.2/data/xhub/boards/XilinxBoardStore/boards/Xilinx/vc707/1.4/board.xml as part xc7vx485tffg1761-2 specified in board_part file is either invalid or not available
WARNING: [Board 49-26] cannot add Board Part xilinx.com:vc709:part0:1.8 available at C:/Xilinx/Vivado/2021.2/data/xhub/boards/XilinxBoardStore/boards/Xilinx/vc709/1.8/board.xml as part xc7vx690tffg1761-2 specified in board_part file is either invalid or not available
WARNING: [Board 49-26] cannot add Board Part xilinx.com:vck190:part0:2.2 available at C:/Xilinx/Vivado/2021.2/data/xhub/boards/XilinxBoardStore/boards/Xilinx/vck190/production/2.2/board.xml as part xcvc1902-vsva2197-2mp-e-s specified in board_part file is either invalid or not available
WARNING: [Board 49-26] cannot add Board Part xilinx.com:vck190_es:part0:1.3 available at C:/Xilinx/Vivado/2021.2/data/xhub/boards/XilinxBoardStore/boards/Xilinx/vck190/es/1.3/board.xml as part xcvc1902-vsva2197-2mp-e-s-es1 specified in board_part file is either invalid or not available
WARNING: [Board 49-26] cannot add Board Part xilinx.com:vcu108:part0:1.6 available at C:/Xilinx/Vivado/2021.2/data/xhub/boards/XilinxBoardStore/boards/Xilinx/vcu108/1.6/board.xml as part xcvu095-ffva2104-2-e specified in board_part file is either invalid or not available
WARNING: [Board 49-26] cannot add Board Part xilinx.com:vcu108:part0:1.7 available at C:/Xilinx/Vivado/2021.2/data/xhub/boards/XilinxBoardStore/boards/Xilinx/vcu108/1.7/board.xml as part xcvu095-ffva2104-2-e specified in board_part file is either invalid or not available
WARNING: [Board 49-26] cannot add Board Part xilinx.com:vcu110:part0:1.4 available at C:/Xilinx/Vivado/2021.2/data/xhub/boards/XilinxBoardStore/boards/Xilinx/vcu110/1.4/board.xml as part xcvu190-flgc2104-2-e specified in board_part file is either invalid or not available
WARNING: [Board 49-26] cannot add Board Part xilinx.com:vcu118:part0:2.0 available at C:/Xilinx/Vivado/2021.2/data/xhub/boards/XilinxBoardStore/boards/Xilinx/vcu118/2.0/board.xml as part xcvu9p-flga2104-2l-e specified in board_part file is either invalid or not available
WARNING: [Board 49-26] cannot add Board Part xilinx.com:vcu118:part0:2.3 available at C:/Xilinx/Vivado/2021.2/data/xhub/boards/XilinxBoardStore/boards/Xilinx/vcu118/2.3/board.xml as part xcvu9p-flga2104-2l-e specified in board_part file is either invalid or not available
WARNING: [Board 49-26] cannot add Board Part xilinx.com:vcu118:part0:2.4 available at C:/Xilinx/Vivado/2021.2/data/xhub/boards/XilinxBoardStore/boards/Xilinx/vcu118/2.4/board.xml as part xcvu9p-flga2104-2l-e specified in board_part file is either invalid or not available
WARNING: [Board 49-26] cannot add Board Part xilinx.com:vcu128:part0:1.0 available at C:/Xilinx/Vivado/2021.2/data/xhub/boards/XilinxBoardStore/boards/Xilinx/vcu128/production/1.0/board.xml as part xcvu37p-fsvh2892-2l-e specified in board_part file is either invalid or not available
WARNING: [Board 49-26] cannot add Board Part xilinx.com:vcu129:part0:1.0 available at C:/Xilinx/Vivado/2021.2/data/xhub/boards/XilinxBoardStore/boards/Xilinx/vcu129/production/1.0/board.xml as part xcvu29p-fsga2577-2l-e specified in board_part file is either invalid or not available
WARNING: [Board 49-26] cannot add Board Part xilinx.com:vcu1525:part0:1.3 available at C:/Xilinx/Vivado/2021.2/data/xhub/boards/XilinxBoardStore/boards/Xilinx/vcu1525/1.3/board.xml as part xcvu9p-fsgd2104-2l-e specified in board_part file is either invalid or not available
WARNING: [Board 49-26] cannot add Board Part xilinx.com:vermeo_t1_mpsoc:part0:1.0 available at C:/Xilinx/Vivado/2021.2/data/xhub/boards/XilinxBoardStore/boards/Xilinx/vermeo_t1_mpsoc/1.0/board.xml as part xczu19eg-ffvd1760-2l-e specified in board_part file is either invalid or not available
WARNING: [Board 49-26] cannot add Board Part xilinx.com:vermeo_t1_rfsoc:part0:1.0 available at C:/Xilinx/Vivado/2021.2/data/xhub/boards/XilinxBoardStore/boards/Xilinx/vermeo_t1_rfsoc/1.0/board.xml as part xczu21dr-ffvd1156-2l-e specified in board_part file is either invalid or not available
WARNING: [Board 49-26] cannot add Board Part xilinx.com:vmk180:part0:2.2 available at C:/Xilinx/Vivado/2021.2/data/xhub/boards/XilinxBoardStore/boards/Xilinx/vmk180/production/2.2/board.xml as part xcvm1802-vsva2197-2mp-e-s specified in board_part file is either invalid or not available
WARNING: [Board 49-26] cannot add Board Part xilinx.com:vmk180_es:part0:1.3 available at C:/Xilinx/Vivado/2021.2/data/xhub/boards/XilinxBoardStore/boards/Xilinx/vmk180/es/1.3/board.xml as part xcvm1802-vsva2197-2mp-e-s-es1 specified in board_part file is either invalid or not available
WARNING: [Board 49-26] cannot add Board Part xilinx.com:vpk120_es:part0:1.2 available at C:/Xilinx/Vivado/2021.2/data/xhub/boards/XilinxBoardStore/boards/Xilinx/vpk120/es/1.2/board.xml as part xcvp1202-vsva2785-2mp-e-s-es1 specified in board_part file is either invalid or not available
WARNING: [Board 49-26] cannot add Board Part xilinx.com:zc706:part0:1.4 available at C:/Xilinx/Vivado/2021.2/data/xhub/boards/XilinxBoardStore/boards/Xilinx/zc706/1.4/board.xml as part xc7z045ffg900-2 specified in board_part file is either invalid or not available
WARNING: [Board 49-26] cannot add Board Part xilinx.com:zcu102:part0:3.3 available at C:/Xilinx/Vivado/2021.2/data/xhub/boards/XilinxBoardStore/boards/Xilinx/zcu102/3.3/board.xml as part xczu9eg-ffvb1156-2-e specified in board_part file is either invalid or not available
WARNING: [Board 49-26] cannot add Board Part xilinx.com:zcu102:part0:3.4 available at C:/Xilinx/Vivado/2021.2/data/xhub/boards/XilinxBoardStore/boards/Xilinx/zcu102/3.4/board.xml as part xczu9eg-ffvb1156-2-e specified in board_part file is either invalid or not available
WARNING: [Board 49-26] cannot add Board Part xilinx.com:zcu111:part0:1.2 available at C:/Xilinx/Vivado/2021.2/data/xhub/boards/XilinxBoardStore/boards/Xilinx/zcu111/1.2/board.xml as part xczu28dr-ffvg1517-2-e specified in board_part file is either invalid or not available
WARNING: [Board 49-26] cannot add Board Part xilinx.com:zcu111:part0:1.3 available at C:/Xilinx/Vivado/2021.2/data/xhub/boards/XilinxBoardStore/boards/Xilinx/zcu111/1.3/board.xml as part xczu28dr-ffvg1517-2-e specified in board_part file is either invalid or not available
WARNING: [Board 49-26] cannot add Board Part xilinx.com:zcu111:part0:1.4 available at C:/Xilinx/Vivado/2021.2/data/xhub/boards/XilinxBoardStore/boards/Xilinx/zcu111/1.4/board.xml as part xczu28dr-ffvg1517-2-e specified in board_part file is either invalid or not available
WARNING: [Board 49-26] cannot add Board Part xilinx.com:zcu1275:part0:1.0 available at C:/Xilinx/Vivado/2021.2/data/xhub/boards/XilinxBoardStore/boards/Xilinx/zcu1275/1.0/board.xml as part xczu29dr-ffvf1760-2-e specified in board_part file is either invalid or not available
WARNING: [Board 49-26] cannot add Board Part xilinx.com:zcu1285:part0:1.0 available at C:/Xilinx/Vivado/2021.2/data/xhub/boards/XilinxBoardStore/boards/Xilinx/zcu1285/1.0/board.xml as part xczu39dr-ffvf1760-2-i specified in board_part file is either invalid or not available
WARNING: [Board 49-26] cannot add Board Part xilinx.com:zcu208:part0:2.0 available at C:/Xilinx/Vivado/2021.2/data/xhub/boards/XilinxBoardStore/boards/Xilinx/zcu208/production/2.0/board.xml as part xczu48dr-fsvg1517-2-e specified in board_part file is either invalid or not available
WARNING: [Board 49-26] cannot add Board Part xilinx.com:zcu208_es:part0:1.0 available at C:/Xilinx/Vivado/2021.2/data/xhub/boards/XilinxBoardStore/boards/Xilinx/zcu208/es/1.0/board.xml as part xczu48dr-fsvg1517-2-e-es1 specified in board_part file is either invalid or not available
WARNING: [Board 49-26] cannot add Board Part xilinx.com:zcu208_es:part0:1.1 available at C:/Xilinx/Vivado/2021.2/data/xhub/boards/XilinxBoardStore/boards/Xilinx/zcu208/es/1.1/board.xml as part xczu48dr-fsvg1517-2-e-es1 specified in board_part file is either invalid or not available
WARNING: [Board 49-26] cannot add Board Part xilinx.com:zcu208_es:part0:1.2 available at C:/Xilinx/Vivado/2021.2/data/xhub/boards/XilinxBoardStore/boards/Xilinx/zcu208/es/1.2/board.xml as part xczu48dr-fsvg1517-2-e-es1 specified in board_part file is either invalid or not available
WARNING: [Board 49-26] cannot add Board Part xilinx.com:zcu208ld:part0:2.0 available at C:/Xilinx/Vivado/2021.2/data/xhub/boards/XilinxBoardStore/boards/Xilinx/zcu208ld/production/2.0/board.xml as part xczu58dr-fsvg1517-2-i specified in board_part file is either invalid or not available
WARNING: [Board 49-26] cannot add Board Part xilinx.com:zcu208ld_es:part0:1.0 available at C:/Xilinx/Vivado/2021.2/data/xhub/boards/XilinxBoardStore/boards/Xilinx/zcu208ld/es/1.0/board.xml as part xczu58dr-fsvg1517-2-i-es1 specified in board_part file is either invalid or not available
WARNING: [Board 49-26] cannot add Board Part xilinx.com:zcu216:part0:2.0 available at C:/Xilinx/Vivado/2021.2/data/xhub/boards/XilinxBoardStore/boards/Xilinx/zcu216/production/2.0/board.xml as part xczu49dr-ffvf1760-2-e specified in board_part file is either invalid or not available
WARNING: [Board 49-26] cannot add Board Part xilinx.com:zcu216_es:part0:1.0 available at C:/Xilinx/Vivado/2021.2/data/xhub/boards/XilinxBoardStore/boards/Xilinx/zcu216/es/1.0/board.xml as part xczu49dr-ffvf1760-2-e-es1 specified in board_part file is either invalid or not available
WARNING: [Board 49-26] cannot add Board Part xilinx.com:zcu216_es:part0:1.1 available at C:/Xilinx/Vivado/2021.2/data/xhub/boards/XilinxBoardStore/boards/Xilinx/zcu216/es/1.1/board.xml as part xczu49dr-ffvf1760-2-e-es1 specified in board_part file is either invalid or not available
WARNING: [Board 49-26] cannot add Board Part xilinx.com:zcu216_es:part0:1.2 available at C:/Xilinx/Vivado/2021.2/data/xhub/boards/XilinxBoardStore/boards/Xilinx/zcu216/es/1.2/board.xml as part xczu49dr-ffvf1760-2-e-es1 specified in board_part file is either invalid or not available
WARNING: [Board 49-26] cannot add Board Part xilinx.com:zcu216ld:part0:2.0 available at C:/Xilinx/Vivado/2021.2/data/xhub/boards/XilinxBoardStore/boards/Xilinx/zcu216ld/production/2.0/board.xml as part xczu59dr-ffvf1760-2-i specified in board_part file is either invalid or not available
WARNING: [Board 49-26] cannot add Board Part xilinx.com:zcu216ld_es:part0:1.0 available at C:/Xilinx/Vivado/2021.2/data/xhub/boards/XilinxBoardStore/boards/Xilinx/zcu216ld/es/1.0/board.xml as part xczu59dr-ffvf1760-2-i-es1 specified in board_part file is either invalid or not available
WARNING: [Board 49-26] cannot add Board Part xilinx.com:zcu670:part0:1.0 available at C:/Xilinx/Vivado/2021.2/data/xhub/boards/XilinxBoardStore/boards/Xilinx/zcu670/1.0/board.xml as part xczu67dr-fsve1156-2-i specified in board_part file is either invalid or not available
INFO: [Project 1-313] Project file moved from 'C:/Users/reese_ford1/Documents/GitHub/ARM-Lab/ARM-Project' since last save.
INFO: [filemgmt 56-2] Default IP Output Path : Could not find the directory 'C:/Users/reese/Documents/GitHub/ARM-Lab/ARM-Project/ARM-Project.gen/sources_1', nor could it be found using path 'C:/Users/reese_ford1/Documents/GitHub/ARM-Lab/ARM-Project/ARM-Project.gen/sources_1'.
Scanning sources...
Finished scanning sources
INFO: [Project 1-1877] Auto incremental dir location 'C:/Users/reese_ford1/Documents/GitHub/ARM-Lab/ARM-Project/ARM-Project.srcs/utils_1/imports/synth_1' of run 'synth_1' is not writable, setting it to default location 'C:/Users/reese/Documents/GitHub/ARM-Lab/ARM-Project/ARM-Project.srcs/utils_1/imports/synth_1'.
INFO: [Project 1-1877] Auto incremental dir location 'C:/Users/reese_ford1/Documents/GitHub/ARM-Lab/ARM-Project/ARM-Project.srcs/utils_1/imports/impl_1' of run 'impl_1' is not writable, setting it to default location 'C:/Users/reese/Documents/GitHub/ARM-Lab/ARM-Project/ARM-Project.srcs/utils_1/imports/impl_1'.
INFO: [IP_Flow 19-234] Refreshing IP repositories
INFO: [IP_Flow 19-1704] No user IP repositories specified
INFO: [IP_Flow 19-2313] Loaded Vivado IP repository 'C:/Xilinx/Vivado/2021.2/data/ip'.
open_project: Time (s): cpu = 00:00:10 ; elapsed = 00:00:10 . Memory (MB): peak = 1242.480 ; gain = 0.000
update_compile_order -fileset sources_1
set_property top iMemory_test [current_fileset]
update_compile_order -fileset sources_1
set_property top iMemory_test [get_filesets sim_1]
set_property top_lib xil_defaultlib [get_filesets sim_1]
launch_simulation
Command: launch_simulation 
INFO: [Vivado 12-12493] Simulation top is 'iMemory_test'
WARNING: [Vivado 12-12986] Compiled library path does not exist: ''
INFO: [Vivado 12-5682] Launching behavioral simulation in 'C:/Users/reese/Documents/GitHub/ARM-Lab/ARM-Project/ARM-Project.sim/sim_1/behav/xsim'
INFO: [SIM-utils-51] Simulation object is 'sim_1'
INFO: [SIM-utils-72] Using boost library from 'C:/Xilinx/Vivado/2021.2/tps/boost_1_72_0'
INFO: [SIM-utils-54] Inspecting design source files for 'iMemory_test' in fileset 'sim_1'...
INFO: [USF-XSim-97] Finding global include files...
INFO: [USF-XSim-98] Fetching design files from 'sim_1'...
INFO: [USF-XSim-2] XSim::Compile design
INFO: [USF-XSim-61] Executing 'COMPILE and ANALYZE' step in 'C:/Users/reese/Documents/GitHub/ARM-Lab/ARM-Project/ARM-Project.sim/sim_1/behav/xsim'
"xvlog --incr --relax -L uvm -prj iMemory_test_vlog.prj"
INFO: [VRFC 10-2263] Analyzing Verilog file "C:/Users/reese/Documents/GitHub/ARM-Lab/ARM-Lab/code/4_memory/iMemory.v" into library xil_defaultlib
INFO: [VRFC 10-311] analyzing module iMemory
ERROR: [VRFC 10-2989] 'Z' is not declared [C:/Users/reese/Documents/GitHub/ARM-Lab/ARM-Lab/code/4_memory/iMemory.v:48]
ERROR: [VRFC 10-2865] module 'iMemory' ignored due to previous errors [C:/Users/reese/Documents/GitHub/ARM-Lab/ARM-Lab/code/4_memory/iMemory.v:25]
INFO: [USF-XSim-69] 'compile' step finished in '3' seconds
INFO: [USF-XSim-99] Step results log file:'C:/Users/reese/Documents/GitHub/ARM-Lab/ARM-Project/ARM-Project.sim/sim_1/behav/xsim/xvlog.log'
ERROR: [USF-XSim-62] 'compile' step failed with error(s). Please check the Tcl console output or 'C:/Users/reese/Documents/GitHub/ARM-Lab/ARM-Project/ARM-Project.sim/sim_1/behav/xsim/xvlog.log' file for more information.
ERROR: [Vivado 12-4473] Detected error while running simulation. Please correct the issue and retry this operation.
ERROR: [Common 17-39] 'launch_simulation' failed due to earlier errors.
launch_simulation
Command: launch_simulation 
INFO: [Vivado 12-12493] Simulation top is 'iMemory_test'
WARNING: [Vivado 12-12986] Compiled library path does not exist: ''
INFO: [Vivado 12-5682] Launching behavioral simulation in 'C:/Users/reese/Documents/GitHub/ARM-Lab/ARM-Project/ARM-Project.sim/sim_1/behav/xsim'
INFO: [SIM-utils-51] Simulation object is 'sim_1'
INFO: [SIM-utils-72] Using boost library from 'C:/Xilinx/Vivado/2021.2/tps/boost_1_72_0'
INFO: [SIM-utils-54] Inspecting design source files for 'iMemory_test' in fileset 'sim_1'...
INFO: [USF-XSim-97] Finding global include files...
INFO: [USF-XSim-98] Fetching design files from 'sim_1'...
INFO: [USF-XSim-2] XSim::Compile design
INFO: [USF-XSim-61] Executing 'COMPILE and ANALYZE' step in 'C:/Users/reese/Documents/GitHub/ARM-Lab/ARM-Project/ARM-Project.sim/sim_1/behav/xsim'
"xvlog --incr --relax -L uvm -prj iMemory_test_vlog.prj"
INFO: [VRFC 10-2263] Analyzing Verilog file "C:/Users/reese/Documents/GitHub/ARM-Lab/ARM-Lab/code/4_memory/iMemory.v" into library xil_defaultlib
INFO: [VRFC 10-311] analyzing module iMemory
ERROR: [VRFC 10-4982] syntax error near '[' [C:/Users/reese/Documents/GitHub/ARM-Lab/ARM-Lab/code/4_memory/iMemory.v:48]
WARNING: [VRFC 10-2096] empty statement in sequential block [C:/Users/reese/Documents/GitHub/ARM-Lab/ARM-Lab/code/4_memory/iMemory.v:47]
ERROR: [VRFC 10-2865] module 'iMemory' ignored due to previous errors [C:/Users/reese/Documents/GitHub/ARM-Lab/ARM-Lab/code/4_memory/iMemory.v:25]
INFO: [USF-XSim-69] 'compile' step finished in '3' seconds
INFO: [USF-XSim-99] Step results log file:'C:/Users/reese/Documents/GitHub/ARM-Lab/ARM-Project/ARM-Project.sim/sim_1/behav/xsim/xvlog.log'
ERROR: [USF-XSim-62] 'compile' step failed with error(s). Please check the Tcl console output or 'C:/Users/reese/Documents/GitHub/ARM-Lab/ARM-Project/ARM-Project.sim/sim_1/behav/xsim/xvlog.log' file for more information.
ERROR: [Vivado 12-4473] Detected error while running simulation. Please correct the issue and retry this operation.
ERROR: [Common 17-39] 'launch_simulation' failed due to earlier errors.
launch_simulation
Command: launch_simulation 
INFO: [Vivado 12-12493] Simulation top is 'iMemory_test'
WARNING: [Vivado 12-12986] Compiled library path does not exist: ''
INFO: [Vivado 12-5682] Launching behavioral simulation in 'C:/Users/reese/Documents/GitHub/ARM-Lab/ARM-Project/ARM-Project.sim/sim_1/behav/xsim'
INFO: [SIM-utils-51] Simulation object is 'sim_1'
INFO: [SIM-utils-72] Using boost library from 'C:/Xilinx/Vivado/2021.2/tps/boost_1_72_0'
INFO: [SIM-utils-54] Inspecting design source files for 'iMemory_test' in fileset 'sim_1'...
INFO: [USF-XSim-97] Finding global include files...
INFO: [USF-XSim-98] Fetching design files from 'sim_1'...
INFO: [USF-XSim-2] XSim::Compile design
INFO: [USF-XSim-61] Executing 'COMPILE and ANALYZE' step in 'C:/Users/reese/Documents/GitHub/ARM-Lab/ARM-Project/ARM-Project.sim/sim_1/behav/xsim'
"xvlog --incr --relax -L uvm -prj iMemory_test_vlog.prj"
INFO: [VRFC 10-2263] Analyzing Verilog file "C:/Users/reese/Documents/GitHub/ARM-Lab/ARM-Lab/code/4_memory/iMemory.v" into library xil_defaultlib
INFO: [VRFC 10-311] analyzing module iMemory
INFO: [VRFC 10-2263] Analyzing Verilog file "C:/Users/reese/Documents/GitHub/ARM-Lab/ARM-Lab/code/0_common/oscillator.v" into library xil_defaultlib
INFO: [VRFC 10-311] analyzing module oscillator
INFO: [VRFC 10-2263] Analyzing SystemVerilog file "C:/Users/reese/Documents/GitHub/ARM-Lab/ARM-Lab/code/0_common/verification_functions.sv" into library xil_defaultlib
INFO: [VRFC 10-2263] Analyzing SystemVerilog file "C:/Users/reese/Documents/GitHub/ARM-Lab/ARM-Lab/code/4_memory/iMemory_test.sv" into library xil_defaultlib
WARNING: [VRFC 10-3264] design element 'verification' is previously defined, ignoring this definition [../../../../../ARM-Lab/code/0_common/verification_functions.sv:3]
INFO: [VRFC 10-311] analyzing module iMemory_test
INFO: [VRFC 10-2263] Analyzing Verilog file "C:/Users/reese/Documents/GitHub/ARM-Lab/ARM-Project/ARM-Project.sim/sim_1/behav/xsim/glbl.v" into library xil_defaultlib
INFO: [VRFC 10-311] analyzing module glbl
INFO: [USF-XSim-69] 'compile' step finished in '3' seconds
INFO: [USF-XSim-3] XSim::Elaborate design
INFO: [USF-XSim-61] Executing 'ELABORATE' step in 'C:/Users/reese/Documents/GitHub/ARM-Lab/ARM-Project/ARM-Project.sim/sim_1/behav/xsim'
"xelab --incr --debug typical --relax --mt 2 -L xil_defaultlib -L uvm -L unisims_ver -L unimacro_ver -L secureip --snapshot iMemory_test_behav xil_defaultlib.iMemory_test xil_defaultlib.glbl -log elaborate.log"
Vivado Simulator v2021.2
Copyright 1986-1999, 2001-2021 Xilinx, Inc. All Rights Reserved.
Running: C:/Xilinx/Vivado/2021.2/bin/unwrapped/win64.o/xelab.exe --incr --debug typical --relax --mt 2 -L xil_defaultlib -L uvm -L unisims_ver -L unimacro_ver -L secureip --snapshot iMemory_test_behav xil_defaultlib.iMemory_test xil_defaultlib.glbl -log elaborate.log 
Using 2 slave threads.
Starting static elaboration
Pass Through NonSizing Optimizer
Completed static elaboration
Starting simulation data flow analysis
Completed simulation data flow analysis
Time Resolution for simulation is 1ps
Compiling package xil_defaultlib.verification
Compiling module xil_defaultlib.oscillator
Compiling module xil_defaultlib.iMemory
Compiling module xil_defaultlib.iMemory_test
Compiling module xil_defaultlib.glbl
Built simulation snapshot iMemory_test_behav
run_program: Time (s): cpu = 00:00:00 ; elapsed = 00:00:05 . Memory (MB): peak = 1242.480 ; gain = 0.000
INFO: [USF-XSim-69] 'elaborate' step finished in '5' seconds
INFO: [USF-XSim-4] XSim::Simulate design
INFO: [USF-XSim-61] Executing 'SIMULATE' step in 'C:/Users/reese/Documents/GitHub/ARM-Lab/ARM-Project/ARM-Project.sim/sim_1/behav/xsim'
INFO: [USF-XSim-98] *** Running xsim
   with args "iMemory_test_behav -key {Behavioral:sim_1:Functional:iMemory_test} -tclbatch {iMemory_test.tcl} -view {C:/Users/reese/Documents/GitHub/ARM-Lab/ARM-Project/register_test_behav.wcfg} -view {C:/Users/reese/Documents/GitHub/ARM-Lab/ARM-Project/adder_test_behav.wcfg} -view {C:/Users/reese/Documents/GitHub/ARM-Lab/ARM-Project/mux_test_behav.wcfg} -view {C:/Users/reese/Documents/GitHub/ARM-Lab/ARM-Project/instr_mem_test_behav.wcfg} -view {C:/Users/reese/Documents/GitHub/ARM-Lab/ARM-Project/iFetch_test_behav.wcfg} -view {C:/Users/reese/Documents/GitHub/ARM-Lab/ARM-Project/instr_parse_test_behav.wcfg} -view {C:/Users/reese/Documents/GitHub/ARM-Lab/ARM-Project/regfile_test_behav.wcfg} -view {C:/Users/reese/Documents/GitHub/ARM-Lab/ARM-Project/control_test_behav.wcfg} -view {C:/Users/reese/Documents/GitHub/ARM-Lab/ARM-Project/sign_extender_test_behav.wcfg} -view {C:/Users/reese/Documents/GitHub/ARM-Lab/ARM-Project/iDecode_test_behav.wcfg} -view {C:/Users/reese/Documents/GitHub/ARM-Lab/ARM-Project/fd_integration_behav.wcfg} -view {C:/Users/reese/Documents/GitHub/ARM-Lab/ARM-Project/alu_test_behav.wcfg} -view {C:/Users/reese/Documents/GitHub/ARM-Lab/ARM-Project/alu_control_test_behav.wcfg} -view {C:/Users/reese/Documents/GitHub/ARM-Lab/ARM-Project/iExecute_test_behav.wcfg} -view {C:/Users/reese/Documents/GitHub/ARM-Lab/ARM-Project/fde_integration_behav.wcfg} -log {simulate.log}"
INFO: [USF-XSim-8] Loading simulator feature
Time resolution is 1 ps
open_wave_config C:/Users/reese/Documents/GitHub/ARM-Lab/ARM-Project/register_test_behav.wcfg
WARNING: Simulation object /register_test/tc was not found in the design.
WARNING: Simulation object /register_test/ts was not found in the design.
WARNING: Simulation object /register_test/clk was not found in the design.
WARNING: Simulation object /register_test/rst was not found in the design.
WARNING: Simulation object /register_test/d was not found in the design.
WARNING: Simulation object /register_test/er_q was not found in the design.
WARNING: Simulation object /register_test/q was not found in the design.
open_wave_config C:/Users/reese/Documents/GitHub/ARM-Lab/ARM-Project/adder_test_behav.wcfg
WARNING: Simulation object /adder_test/a was not found in the design.
WARNING: Simulation object /adder_test/b was not found in the design.
WARNING: Simulation object /adder_test/sum was not found in the design.
WARNING: Simulation object /adder_test/er_sum was not found in the design.
WARNING: Simulation object /adder_test/tc was not found in the design.
WARNING: Simulation object /adder_test/ts was not found in the design.
open_wave_config C:/Users/reese/Documents/GitHub/ARM-Lab/ARM-Project/mux_test_behav.wcfg
WARNING: Simulation object /mux_test/a_64 was not found in the design.
WARNING: Simulation object /mux_test/b_64 was not found in the design.
WARNING: Simulation object /mux_test/ctl was not found in the design.
WARNING: Simulation object /mux_test/out_64 was not found in the design.
WARNING: Simulation object /mux_test/a_5 was not found in the design.
WARNING: Simulation object /mux_test/b_5 was not found in the design.
WARNING: Simulation object /mux_test/out_5 was not found in the design.
WARNING: Simulation object /mux_test/er_out_64 was not found in the design.
WARNING: Simulation object /mux_test/er_out_5 was not found in the design.
WARNING: Simulation object /mux_test/tc was not found in the design.
WARNING: Simulation object /mux_test/ts was not found in the design.
open_wave_config C:/Users/reese/Documents/GitHub/ARM-Lab/ARM-Project/instr_mem_test_behav.wcfg
WARNING: Simulation object /instr_mem_test/clk was not found in the design.
WARNING: Simulation object /instr_mem_test/pc was not found in the design.
WARNING: Simulation object /instr_mem_test/instr was not found in the design.
WARNING: Simulation object /instr_mem_test/er was not found in the design.
WARNING: Simulation object /instr_mem_test/tc was not found in the design.
WARNING: Simulation object /instr_mem_test/ts was not found in the design.
open_wave_config C:/Users/reese/Documents/GitHub/ARM-Lab/ARM-Project/iFetch_test_behav.wcfg
WARNING: Simulation object /iFetch_test/clk was not found in the design.
WARNING: Simulation object /iFetch_test/reset was not found in the design.
WARNING: Simulation object /iFetch_test/pc_src was not found in the design.
WARNING: Simulation object /iFetch_test/branch_target was not found in the design.
WARNING: Simulation object /iFetch_test/cur_pc was not found in the design.
WARNING: Simulation object /iFetch_test/er_cur_pc was not found in the design.
WARNING: Simulation object /iFetch_test/instruction was not found in the design.
WARNING: Simulation object /iFetch_test/er_instruction was not found in the design.
WARNING: Simulation object /iFetch_test/ts was not found in the design.
WARNING: Simulation object /iFetch_test/tc was not found in the design.
WARNING: Simulation object /iFetch_test/clk_plus_1 was not found in the design.
open_wave_config C:/Users/reese/Documents/GitHub/ARM-Lab/ARM-Project/instr_parse_test_behav.wcfg
WARNING: Simulation object /instr_parse_test/tc was not found in the design.
WARNING: Simulation object /instr_parse_test/instruction was not found in the design.
WARNING: Simulation object /instr_parse_test/ts was not found in the design.
WARNING: Simulation object /instr_parse_test/er_opcode was not found in the design.
WARNING: Simulation object /instr_parse_test/opcode was not found in the design.
WARNING: Simulation object /instr_parse_test/er_address was not found in the design.
WARNING: Simulation object /instr_parse_test/address was not found in the design.
WARNING: Simulation object /instr_parse_test/er_rm_num was not found in the design.
WARNING: Simulation object /instr_parse_test/rm_num was not found in the design.
WARNING: Simulation object /instr_parse_test/er_rn_num was not found in the design.
WARNING: Simulation object /instr_parse_test/rn_num was not found in the design.
WARNING: Simulation object /instr_parse_test/er_rd_num was not found in the design.
WARNING: Simulation object /instr_parse_test/rd_num was not found in the design.
open_wave_config C:/Users/reese/Documents/GitHub/ARM-Lab/ARM-Project/regfile_test_behav.wcfg
WARNING: Simulation object /regfile_test/read_clk was not found in the design.
WARNING: Simulation object /regfile_test/write_clk was not found in the design.
WARNING: Simulation object /regfile_test/read_register1 was not found in the design.
WARNING: Simulation object /regfile_test/read_register2 was not found in the design.
WARNING: Simulation object /regfile_test/write_register was not found in the design.
WARNING: Simulation object /regfile_test/write_data was not found in the design.
WARNING: Simulation object /regfile_test/reg_write was not found in the design.
WARNING: Simulation object /regfile_test/read_data1 was not found in the design.
WARNING: Simulation object /regfile_test/er_read_data1 was not found in the design.
WARNING: Simulation object /regfile_test/read_data2 was not found in the design.
WARNING: Simulation object /regfile_test/er_read_data2 was not found in the design.
WARNING: Simulation object /regfile_test/tc was not found in the design.
WARNING: Simulation object /regfile_test/ts was not found in the design.
open_wave_config C:/Users/reese/Documents/GitHub/ARM-Lab/ARM-Project/control_test_behav.wcfg
WARNING: Simulation object /control_test/tc was not found in the design.
WARNING: Simulation object /control_test/ts was not found in the design.
WARNING: Simulation object /control_test/opcode was not found in the design.
WARNING: Simulation object /control_test/reg2_loc was not found in the design.
WARNING: Simulation object /control_test/uncondbranch was not found in the design.
WARNING: Simulation object /control_test/branch was not found in the design.
WARNING: Simulation object /control_test/mem_read was not found in the design.
WARNING: Simulation object /control_test/mem_to_reg was not found in the design.
WARNING: Simulation object /control_test/alu_op was not found in the design.
WARNING: Simulation object /control_test/mem_write was not found in the design.
WARNING: Simulation object /control_test/alu_src was not found in the design.
WARNING: Simulation object /control_test/reg_write was not found in the design.
WARNING: Simulation object /control_test/er_reg2_loc was not found in the design.
WARNING: Simulation object /control_test/er_uncondbranch was not found in the design.
WARNING: Simulation object /control_test/er_branch was not found in the design.
WARNING: Simulation object /control_test/er_mem_read was not found in the design.
WARNING: Simulation object /control_test/er_mem_to_reg was not found in the design.
WARNING: Simulation object /control_test/er_alu_op was not found in the design.
WARNING: Simulation object /control_test/er_mem_write was not found in the design.
WARNING: Simulation object /control_test/er_alu_src was not found in the design.
WARNING: Simulation object /control_test/er_reg_write was not found in the design.
open_wave_config C:/Users/reese/Documents/GitHub/ARM-Lab/ARM-Project/sign_extender_test_behav.wcfg
WARNING: Simulation object /sign_extender_test/tc was not found in the design.
WARNING: Simulation object /sign_extender_test/ts was not found in the design.
WARNING: Simulation object /sign_extender_test/instruction was not found in the design.
WARNING: Simulation object /sign_extender_test/sign_extended_output was not found in the design.
WARNING: Simulation object /sign_extender_test/er_sign_extended_output was not found in the design.
open_wave_config C:/Users/reese/Documents/GitHub/ARM-Lab/ARM-Project/iDecode_test_behav.wcfg
WARNING: Simulation object /iDecode_test/tc was not found in the design.
WARNING: Simulation object /iDecode_test/ts was not found in the design.
WARNING: Simulation object /iDecode_test/clk was not found in the design.
WARNING: Simulation object /iDecode_test/read_clk was not found in the design.
WARNING: Simulation object /iDecode_test/write_clk was not found in the design.
WARNING: Simulation object /iDecode_test/instruction was not found in the design.
WARNING: Simulation object /iDecode_test/write_data was not found in the design.
WARNING: Simulation object /iDecode_test/sign_extended_output was not found in the design.
WARNING: Simulation object /iDecode_test/reg2_loc was not found in the design.
WARNING: Simulation object /iDecode_test/uncondbranch was not found in the design.
WARNING: Simulation object /iDecode_test/branch was not found in the design.
WARNING: Simulation object /iDecode_test/mem_read was not found in the design.
WARNING: Simulation object /iDecode_test/mem_to_reg was not found in the design.
WARNING: Simulation object /iDecode_test/alu_op was not found in the design.
WARNING: Simulation object /iDecode_test/mem_write was not found in the design.
WARNING: Simulation object /iDecode_test/alu_src was not found in the design.
WARNING: Simulation object /iDecode_test/reg_write was not found in the design.
WARNING: Simulation object /iDecode_test/read_data1 was not found in the design.
WARNING: Simulation object /iDecode_test/read_data2 was not found in the design.
WARNING: Simulation object /iDecode_test/opcode was not found in the design.
WARNING: Simulation object /iDecode_test/er_uncondbranch was not found in the design.
WARNING: Simulation object /iDecode_test/er_reg2_loc was not found in the design.
WARNING: Simulation object /iDecode_test/er_branch was not found in the design.
WARNING: Simulation object /iDecode_test/er_mem_read was not found in the design.
WARNING: Simulation object /iDecode_test/er_mem_to_reg was not found in the design.
WARNING: Simulation object /iDecode_test/er_alu_op was not found in the design.
WARNING: Simulation object /iDecode_test/er_mem_write was not found in the design.
WARNING: Simulation object /iDecode_test/er_alu_src was not found in the design.
WARNING: Simulation object /iDecode_test/er_reg_write was not found in the design.
WARNING: Simulation object /iDecode_test/er_sign_extended_output was not found in the design.
WARNING: Simulation object /iDecode_test/er_read_data1 was not found in the design.
WARNING: Simulation object /iDecode_test/er_read_data2 was not found in the design.
WARNING: Simulation object /iDecode_test/er_opcode was not found in the design.
open_wave_config C:/Users/reese/Documents/GitHub/ARM-Lab/ARM-Project/fd_integration_behav.wcfg
WARNING: Simulation object /fd_integration/tc was not found in the design.
WARNING: Simulation object /fd_integration/ts was not found in the design.
WARNING: Simulation object /fd_integration/clk was not found in the design.
WARNING: Simulation object /fd_integration/reset was not found in the design.
WARNING: Simulation object /fd_integration/pc_src was not found in the design.
WARNING: Simulation object /fd_integration/branch_target was not found in the design.
WARNING: Simulation object /fd_integration/cur_pc was not found in the design.
WARNING: Simulation object /fd_integration/instruction was not found in the design.
WARNING: Simulation object /fd_integration/er_instruction was not found in the design.
WARNING: Simulation object /fd_integration/er_cur_pc was not found in the design.
WARNING: Simulation object /fd_integration/decode_clk was not found in the design.
WARNING: Simulation object /fd_integration/read_clk was not found in the design.
WARNING: Simulation object /fd_integration/write_clk was not found in the design.
WARNING: Simulation object /fd_integration/write_data was not found in the design.
WARNING: Simulation object /fd_integration/sign_extended_output was not found in the design.
WARNING: Simulation object /fd_integration/reg2_loc was not found in the design.
WARNING: Simulation object /fd_integration/uncondbranch was not found in the design.
WARNING: Simulation object /fd_integration/branch was not found in the design.
WARNING: Simulation object /fd_integration/mem_read was not found in the design.
WARNING: Simulation object /fd_integration/mem_to_reg was not found in the design.
WARNING: Simulation object /fd_integration/alu_op was not found in the design.
WARNING: Simulation object /fd_integration/mem_write was not found in the design.
WARNING: Simulation object /fd_integration/alu_src was not found in the design.
WARNING: Simulation object /fd_integration/reg_write was not found in the design.
WARNING: Simulation object /fd_integration/read_data1 was not found in the design.
WARNING: Simulation object /fd_integration/read_data2 was not found in the design.
WARNING: Simulation object /fd_integration/opcode was not found in the design.
WARNING: Simulation object /fd_integration/er_uncondbranch was not found in the design.
WARNING: Simulation object /fd_integration/er_reg2_loc was not found in the design.
WARNING: Simulation object /fd_integration/er_branch was not found in the design.
WARNING: Simulation object /fd_integration/er_mem_read was not found in the design.
WARNING: Simulation object /fd_integration/er_mem_to_reg was not found in the design.
WARNING: Simulation object /fd_integration/er_alu_op was not found in the design.
WARNING: Simulation object /fd_integration/er_mem_write was not found in the design.
WARNING: Simulation object /fd_integration/er_alu_src was not found in the design.
WARNING: Simulation object /fd_integration/er_reg_write was not found in the design.
WARNING: Simulation object /fd_integration/er_sign_extended_output was not found in the design.
WARNING: Simulation object /fd_integration/er_read_data1 was not found in the design.
WARNING: Simulation object /fd_integration/er_read_data2 was not found in the design.
WARNING: Simulation object /fd_integration/er_opcode was not found in the design.
open_wave_config C:/Users/reese/Documents/GitHub/ARM-Lab/ARM-Project/alu_test_behav.wcfg
WARNING: Simulation object /alu_test/tc was not found in the design.
WARNING: Simulation object /alu_test/ts was not found in the design.
WARNING: Simulation object /alu_test/a was not found in the design.
WARNING: Simulation object /alu_test/b was not found in the design.
WARNING: Simulation object /alu_test/alu_control was not found in the design.
WARNING: Simulation object /alu_test/alu_result was not found in the design.
WARNING: Simulation object /alu_test/zero was not found in the design.
WARNING: Simulation object /alu_test/er_alu_result was not found in the design.
WARNING: Simulation object /alu_test/er_zero was not found in the design.
open_wave_config C:/Users/reese/Documents/GitHub/ARM-Lab/ARM-Project/alu_control_test_behav.wcfg
WARNING: Simulation object /alu_control_test/tc was not found in the design.
WARNING: Simulation object /alu_control_test/ts was not found in the design.
WARNING: Simulation object /alu_control_test/alu_op was not found in the design.
WARNING: Simulation object /alu_control_test/opcode was not found in the design.
WARNING: Simulation object /alu_control_test/alu_control was not found in the design.
WARNING: Simulation object /alu_control_test/er_alu_control was not found in the design.
open_wave_config C:/Users/reese/Documents/GitHub/ARM-Lab/ARM-Project/iExecute_test_behav.wcfg
WARNING: Simulation object /iExecute_test/tc was not found in the design.
WARNING: Simulation object /iExecute_test/ts was not found in the design.
WARNING: Simulation object /iExecute_test/cur_pc was not found in the design.
WARNING: Simulation object /iExecute_test/read_data1 was not found in the design.
WARNING: Simulation object /iExecute_test/read_data2 was not found in the design.
WARNING: Simulation object /iExecute_test/sign_extended_output was not found in the design.
WARNING: Simulation object /iExecute_test/branch_target was not found in the design.
WARNING: Simulation object /iExecute_test/alu_result was not found in the design.
WARNING: Simulation object /iExecute_test/zero was not found in the design.
WARNING: Simulation object /iExecute_test/alu_op was not found in the design.
WARNING: Simulation object /iExecute_test/opcode was not found in the design.
WARNING: Simulation object /iExecute_test/alu_src was not found in the design.
WARNING: Simulation object /iExecute_test/er_branch_target was not found in the design.
WARNING: Simulation object /iExecute_test/er_alu_result was not found in the design.
WARNING: Simulation object /iExecute_test/er_zero was not found in the design.
open_wave_config C:/Users/reese/Documents/GitHub/ARM-Lab/ARM-Project/fde_integration_behav.wcfg
WARNING: Simulation object /fde_integration/tc was not found in the design.
WARNING: Simulation object /fde_integration/ts was not found in the design.
WARNING: Simulation object /fde_integration/clk was not found in the design.
WARNING: Simulation object /fde_integration/reset was not found in the design.
WARNING: Simulation object /fde_integration/pc_src was not found in the design.
WARNING: Simulation object /fde_integration/branch_target was not found in the design.
WARNING: Simulation object /fde_integration/cur_pc was not found in the design.
WARNING: Simulation object /fde_integration/instruction was not found in the design.
WARNING: Simulation object /fde_integration/er_instruction was not found in the design.
WARNING: Simulation object /fde_integration/er_cur_pc was not found in the design.
WARNING: Simulation object /fde_integration/decode_clk was not found in the design.
WARNING: Simulation object /fde_integration/read_clk was not found in the design.
WARNING: Simulation object /fde_integration/write_clk was not found in the design.
WARNING: Simulation object /fde_integration/write_data was not found in the design.
WARNING: Simulation object /fde_integration/sign_extended_output was not found in the design.
WARNING: Simulation object /fde_integration/reg2_loc was not found in the design.
WARNING: Simulation object /fde_integration/uncondbranch was not found in the design.
WARNING: Simulation object /fde_integration/branch was not found in the design.
WARNING: Simulation object /fde_integration/mem_read was not found in the design.
WARNING: Simulation object /fde_integration/mem_to_reg was not found in the design.
WARNING: Simulation object /fde_integration/alu_op was not found in the design.
WARNING: Simulation object /fde_integration/mem_write was not found in the design.
WARNING: Simulation object /fde_integration/alu_src was not found in the design.
WARNING: Simulation object /fde_integration/reg_write was not found in the design.
WARNING: Simulation object /fde_integration/read_data1 was not found in the design.
WARNING: Simulation object /fde_integration/read_data2 was not found in the design.
WARNING: Simulation object /fde_integration/iD/X_REG/read_register2 was not found in the design.
WARNING: Simulation object /fde_integration/opcode was not found in the design.
WARNING: Simulation object /fde_integration/er_uncondbranch was not found in the design.
WARNING: Simulation object /fde_integration/er_reg2_loc was not found in the design.
WARNING: Simulation object /fde_integration/er_branch was not found in the design.
WARNING: Simulation object /fde_integration/er_mem_read was not found in the design.
WARNING: Simulation object /fde_integration/er_mem_to_reg was not found in the design.
WARNING: Simulation object /fde_integration/er_alu_op was not found in the design.
WARNING: Simulation object /fde_integration/er_mem_write was not found in the design.
WARNING: Simulation object /fde_integration/er_alu_src was not found in the design.
WARNING: Simulation object /fde_integration/er_reg_write was not found in the design.
WARNING: Simulation object /fde_integration/er_sign_extended_output was not found in the design.
WARNING: Simulation object /fde_integration/er_read_data1 was not found in the design.
WARNING: Simulation object /fde_integration/er_read_data2 was not found in the design.
WARNING: Simulation object /fde_integration/er_opcode was not found in the design.
WARNING: Simulation object /fde_integration/alu_result was not found in the design.
WARNING: Simulation object /fde_integration/zero was not found in the design.
WARNING: Simulation object /fde_integration/er_branch_target was not found in the design.
WARNING: Simulation object /fde_integration/er_alu_result was not found in the design.
WARNING: Simulation object /fde_integration/er_zero was not found in the design.
source iMemory_test.tcl
# set curr_wave [current_wave_config]
# if { [string length $curr_wave] == 0 } {
#   if { [llength [get_objects]] > 0} {
#     add_wave /
#     set_property needs_save false [current_wave_config]
#   } else {
#      send_msg_id Add_Wave-1 WARNING "No top level signals found. Simulator will start without a wave window. If you want to open a wave window go to 'File->New Waveform Configuration' or type 'create_wave_config' in the TCL console."
#   }
# }
# run 1000ns
WARNING: File C:/Users/reese_ford1/Documents/GitHub/ARM-Lab/ARM-Lab/testfiles/ramData.data referenced on C:/Users/reese/Documents/GitHub/ARM-Lab/ARM-Lab/code/4_memory/iMemory.v at line 45 cannot be opened for reading. Please ensure that this file is available in the current working directory.

******* BEGIN TEST RESULTS *******


Test Case 1
+++ Step 1: Pass: |mem_read_data| time = 10 ns | er = 0 | ar = 0 | er_bits = 64 | ar_bits = 64 +++

Test Case 2
--- Step 1: Fail: |mem_read_data| time = 20 ns | er = 8 | ar = 0 | er_bits = 64 | ar_bits = 64 ---

Test Case 3
--- Step 1: Fail: |mem_read_data| time = 30 ns | er = 2 | ar = 0 | er_bits = 64 | ar_bits = 64 ---

Test Case 4
+++ Step 1: Pass: |mem_read_data| time = 40 ns | er = 0 | ar = 0 | er_bits = 64 | ar_bits = 64 +++

Test Case 5
+++ Step 1: Pass: |mem_read_data| time = 50 ns | er = 0 | ar = 0 | er_bits = 64 | ar_bits = 64 +++

Test Case 6
+++ Step 1: Pass: |mem_read_data| time = 60 ns | er = -168 | ar = -168 | er_bits = 64 | ar_bits = 64 +++

Test Case 7
+++ Step 1: Pass: |mem_read_data| time = 70 ns | er = 12345 | ar = 12345 | er_bits = 64 | ar_bits = 64 +++

Test Case 8
--- Step 1: Fail: |mem_read_data| time = 80 ns | er = 4 | ar = 0 | er_bits = 64 | ar_bits = 64 ---

Test Case 9
--- Step 1: Fail: |mem_read_data| time = 90 ns | er = 4 | ar = 0 | er_bits = 64 | ar_bits = 64 ---

Test Case 10
+++ Step 1: Pass: |pc_src| time = 100 ns | er = 1 | ar = 1 | er_bits = 1 | ar_bits = 1 +++

Test Case 11
+++ Step 1: Pass: |pc_src| time = 110 ns | er = 0 | ar = 0 | er_bits = 1 | ar_bits = 1 +++

Test Case 12
+++ Step 1: Pass: |pc_src| time = 120 ns | er = 0 | ar = 0 | er_bits = 1 | ar_bits = 1 +++

Test Case 13
+++ Step 1: Pass: |pc_src| time = 130 ns | er = 1 | ar = 1 | er_bits = 1 | ar_bits = 1 +++

Test Case 14
+++ Step 1: Pass: |pc_src| time = 140 ns | er = 0 | ar = 0 | er_bits = 1 | ar_bits = 1 +++

Pass Count = 10
Fail Count = 4

******* END TEST RESULTS *******

$finish called at time : 145 ns : File "C:/Users/reese/Documents/GitHub/ARM-Lab/ARM-Lab/code/4_memory/iMemory_test.sv" Line 183
xsim: Time (s): cpu = 00:00:07 ; elapsed = 00:00:07 . Memory (MB): peak = 1242.480 ; gain = 0.000
INFO: [USF-XSim-96] XSim completed. Design snapshot 'iMemory_test_behav' loaded.
INFO: [USF-XSim-97] XSim simulation ran for 1000ns
launch_simulation: Time (s): cpu = 00:00:07 ; elapsed = 00:00:15 . Memory (MB): peak = 1242.480 ; gain = 0.000
relaunch_sim
Command: launch_simulation -step compile -simset sim_1 -mode behavioral
INFO: [Vivado 12-12493] Simulation top is 'iMemory_test'
WARNING: [Vivado 12-12986] Compiled library path does not exist: ''
INFO: [Vivado 12-5682] Launching behavioral simulation in 'C:/Users/reese/Documents/GitHub/ARM-Lab/ARM-Project/ARM-Project.sim/sim_1/behav/xsim'
INFO: [SIM-utils-51] Simulation object is 'sim_1'
INFO: [SIM-utils-72] Using boost library from 'C:/Xilinx/Vivado/2021.2/tps/boost_1_72_0'
INFO: [SIM-utils-54] Inspecting design source files for 'iMemory_test' in fileset 'sim_1'...
INFO: [USF-XSim-97] Finding global include files...
INFO: [USF-XSim-98] Fetching design files from 'sim_1'...
INFO: [USF-XSim-2] XSim::Compile design
INFO: [USF-XSim-61] Executing 'COMPILE and ANALYZE' step in 'C:/Users/reese/Documents/GitHub/ARM-Lab/ARM-Project/ARM-Project.sim/sim_1/behav/xsim'
"xvlog --incr --relax -L uvm -prj iMemory_test_vlog.prj"
INFO: [USF-XSim-69] 'compile' step finished in '3' seconds
Command: launch_simulation -step elaborate -simset sim_1 -mode behavioral
INFO: [Vivado 12-12493] Simulation top is 'iMemory_test'
WARNING: [Vivado 12-12986] Compiled library path does not exist: ''
INFO: [Vivado 12-5682] Launching behavioral simulation in 'C:/Users/reese/Documents/GitHub/ARM-Lab/ARM-Project/ARM-Project.sim/sim_1/behav/xsim'
INFO: [SIM-utils-51] Simulation object is 'sim_1'
INFO: [USF-XSim-3] XSim::Elaborate design
INFO: [USF-XSim-61] Executing 'ELABORATE' step in 'C:/Users/reese/Documents/GitHub/ARM-Lab/ARM-Project/ARM-Project.sim/sim_1/behav/xsim'
"xelab --incr --debug typical --relax --mt 2 -L xil_defaultlib -L uvm -L unisims_ver -L unimacro_ver -L secureip --snapshot iMemory_test_behav xil_defaultlib.iMemory_test xil_defaultlib.glbl -log elaborate.log"
Vivado Simulator v2021.2
Copyright 1986-1999, 2001-2021 Xilinx, Inc. All Rights Reserved.
Running: C:/Xilinx/Vivado/2021.2/bin/unwrapped/win64.o/xelab.exe --incr --debug typical --relax --mt 2 -L xil_defaultlib -L uvm -L unisims_ver -L unimacro_ver -L secureip --snapshot iMemory_test_behav xil_defaultlib.iMemory_test xil_defaultlib.glbl -log elaborate.log 
Using 2 slave threads.
Starting static elaboration
Pass Through NonSizing Optimizer
Completed static elaboration
INFO: [XSIM 43-4323] No Change in HDL. Linking previously generated obj files to create kernel
INFO: [USF-XSim-69] 'elaborate' step finished in '2' seconds
Time resolution is 1 ps
WARNING: Simulation object /iMemory_test/mem_read_data_string was not traceable in the design for the following reason:
Vivado Simulator does not support tracing of System Verilog Dynamic Type object.
WARNING: Simulation object /iMemory_test/pc_src_string was not traceable in the design for the following reason:
Vivado Simulator does not support tracing of System Verilog Dynamic Type object.
WARNING: File C:/Users/reese_ford1/Documents/GitHub/ARM-Lab/ARM-Lab/testfiles/ramData.data referenced on C:/Users/reese/Documents/GitHub/ARM-Lab/ARM-Lab/code/4_memory/iMemory.v at line 45 cannot be opened for reading. Please ensure that this file is available in the current working directory.

******* BEGIN TEST RESULTS *******


Test Case 1
+++ Step 1: Pass: |mem_read_data| time = 10 ns | er = 0 | ar = 0 | er_bits = 64 | ar_bits = 64 +++

Test Case 2
--- Step 1: Fail: |mem_read_data| time = 20 ns | er = 8 | ar = 0 | er_bits = 64 | ar_bits = 64 ---

Test Case 3
--- Step 1: Fail: |mem_read_data| time = 30 ns | er = 2 | ar = 0 | er_bits = 64 | ar_bits = 64 ---

Test Case 4
+++ Step 1: Pass: |mem_read_data| time = 40 ns | er = 0 | ar = 0 | er_bits = 64 | ar_bits = 64 +++

Test Case 5
+++ Step 1: Pass: |mem_read_data| time = 50 ns | er = 0 | ar = 0 | er_bits = 64 | ar_bits = 64 +++

Test Case 6
+++ Step 1: Pass: |mem_read_data| time = 60 ns | er = -168 | ar = -168 | er_bits = 64 | ar_bits = 64 +++

Test Case 7
+++ Step 1: Pass: |mem_read_data| time = 70 ns | er = 12345 | ar = 12345 | er_bits = 64 | ar_bits = 64 +++

Test Case 8
--- Step 1: Fail: |mem_read_data| time = 80 ns | er = 4 | ar = 0 | er_bits = 64 | ar_bits = 64 ---

Test Case 9
--- Step 1: Fail: |mem_read_data| time = 90 ns | er = 4 | ar = 0 | er_bits = 64 | ar_bits = 64 ---

Test Case 10
+++ Step 1: Pass: |pc_src| time = 100 ns | er = 1 | ar = 1 | er_bits = 1 | ar_bits = 1 +++

Test Case 11
+++ Step 1: Pass: |pc_src| time = 110 ns | er = 0 | ar = 0 | er_bits = 1 | ar_bits = 1 +++

Test Case 12
+++ Step 1: Pass: |pc_src| time = 120 ns | er = 0 | ar = 0 | er_bits = 1 | ar_bits = 1 +++

Test Case 13
+++ Step 1: Pass: |pc_src| time = 130 ns | er = 1 | ar = 1 | er_bits = 1 | ar_bits = 1 +++

Test Case 14
+++ Step 1: Pass: |pc_src| time = 140 ns | er = 0 | ar = 0 | er_bits = 1 | ar_bits = 1 +++

Pass Count = 10
Fail Count = 4

******* END TEST RESULTS *******

$finish called at time : 145 ns : File "C:/Users/reese/Documents/GitHub/ARM-Lab/ARM-Lab/code/4_memory/iMemory_test.sv" Line 183
relaunch_sim: Time (s): cpu = 00:00:02 ; elapsed = 00:00:07 . Memory (MB): peak = 1242.480 ; gain = 0.000
save_wave_config {C:/Users/reese/Documents/GitHub/ARM-Lab/ARM-Project/iMemory_test_behav.wcfg}
add_files -fileset sim_1 -norecurse C:/Users/reese/Documents/GitHub/ARM-Lab/ARM-Project/iMemory_test_behav.wcfg
set_property xsim.view {C:/Users/reese/Documents/GitHub/ARM-Lab/ARM-Project/register_test_behav.wcfg C:/Users/reese/Documents/GitHub/ARM-Lab/ARM-Project/adder_test_behav.wcfg C:/Users/reese/Documents/GitHub/ARM-Lab/ARM-Project/mux_test_behav.wcfg C:/Users/reese/Documents/GitHub/ARM-Lab/ARM-Project/instr_mem_test_behav.wcfg C:/Users/reese/Documents/GitHub/ARM-Lab/ARM-Project/iFetch_test_behav.wcfg C:/Users/reese/Documents/GitHub/ARM-Lab/ARM-Project/instr_parse_test_behav.wcfg C:/Users/reese/Documents/GitHub/ARM-Lab/ARM-Project/regfile_test_behav.wcfg C:/Users/reese/Documents/GitHub/ARM-Lab/ARM-Project/control_test_behav.wcfg C:/Users/reese/Documents/GitHub/ARM-Lab/ARM-Project/sign_extender_test_behav.wcfg C:/Users/reese/Documents/GitHub/ARM-Lab/ARM-Project/iDecode_test_behav.wcfg C:/Users/reese/Documents/GitHub/ARM-Lab/ARM-Project/fd_integration_behav.wcfg C:/Users/reese/Documents/GitHub/ARM-Lab/ARM-Project/alu_test_behav.wcfg C:/Users/reese/Documents/GitHub/ARM-Lab/ARM-Project/alu_control_test_behav.wcfg C:/Users/reese/Documents/GitHub/ARM-Lab/ARM-Project/iExecute_test_behav.wcfg C:/Users/reese/Documents/GitHub/ARM-Lab/ARM-Project/fde_integration_behav.wcfg C:/Users/reese/Documents/GitHub/ARM-Lab/ARM-Project/iMemory_test_behav.wcfg} [get_filesets sim_1]
relaunch_sim
Command: launch_simulation -step compile -simset sim_1 -mode behavioral
INFO: [Vivado 12-12493] Simulation top is 'iMemory_test'
WARNING: [Vivado 12-12986] Compiled library path does not exist: ''
INFO: [Vivado 12-5682] Launching behavioral simulation in 'C:/Users/reese/Documents/GitHub/ARM-Lab/ARM-Project/ARM-Project.sim/sim_1/behav/xsim'
INFO: [SIM-utils-51] Simulation object is 'sim_1'
INFO: [USF-XSim-2] XSim::Compile design
INFO: [USF-XSim-61] Executing 'COMPILE and ANALYZE' step in 'C:/Users/reese/Documents/GitHub/ARM-Lab/ARM-Project/ARM-Project.sim/sim_1/behav/xsim'
"xvlog --incr --relax -L uvm -prj iMemory_test_vlog.prj"
INFO: [VRFC 10-2263] Analyzing Verilog file "C:/Users/reese/Documents/GitHub/ARM-Lab/ARM-Lab/code/4_memory/iMemory.v" into library xil_defaultlib
INFO: [VRFC 10-311] analyzing module iMemory
INFO: [VRFC 10-2263] Analyzing Verilog file "C:/Users/reese/Documents/GitHub/ARM-Lab/ARM-Lab/code/0_common/oscillator.v" into library xil_defaultlib
INFO: [VRFC 10-311] analyzing module oscillator
INFO: [VRFC 10-2263] Analyzing SystemVerilog file "C:/Users/reese/Documents/GitHub/ARM-Lab/ARM-Lab/code/0_common/verification_functions.sv" into library xil_defaultlib
INFO: [VRFC 10-2263] Analyzing SystemVerilog file "C:/Users/reese/Documents/GitHub/ARM-Lab/ARM-Lab/code/4_memory/iMemory_test.sv" into library xil_defaultlib
WARNING: [VRFC 10-3264] design element 'verification' is previously defined, ignoring this definition [../../../../../ARM-Lab/code/0_common/verification_functions.sv:3]
INFO: [VRFC 10-311] analyzing module iMemory_test
INFO: [USF-XSim-69] 'compile' step finished in '3' seconds
Command: launch_simulation -step elaborate -simset sim_1 -mode behavioral
INFO: [Vivado 12-12493] Simulation top is 'iMemory_test'
WARNING: [Vivado 12-12986] Compiled library path does not exist: ''
INFO: [Vivado 12-5682] Launching behavioral simulation in 'C:/Users/reese/Documents/GitHub/ARM-Lab/ARM-Project/ARM-Project.sim/sim_1/behav/xsim'
INFO: [SIM-utils-51] Simulation object is 'sim_1'
INFO: [USF-XSim-3] XSim::Elaborate design
INFO: [USF-XSim-61] Executing 'ELABORATE' step in 'C:/Users/reese/Documents/GitHub/ARM-Lab/ARM-Project/ARM-Project.sim/sim_1/behav/xsim'
"xelab --incr --debug typical --relax --mt 2 -L xil_defaultlib -L uvm -L unisims_ver -L unimacro_ver -L secureip --snapshot iMemory_test_behav xil_defaultlib.iMemory_test xil_defaultlib.glbl -log elaborate.log"
Vivado Simulator v2021.2
Copyright 1986-1999, 2001-2021 Xilinx, Inc. All Rights Reserved.
Running: C:/Xilinx/Vivado/2021.2/bin/unwrapped/win64.o/xelab.exe --incr --debug typical --relax --mt 2 -L xil_defaultlib -L uvm -L unisims_ver -L unimacro_ver -L secureip --snapshot iMemory_test_behav xil_defaultlib.iMemory_test xil_defaultlib.glbl -log elaborate.log 
Using 2 slave threads.
Starting static elaboration
Pass Through NonSizing Optimizer
Completed static elaboration
Starting simulation data flow analysis
Completed simulation data flow analysis
Time Resolution for simulation is 1ps
Compiling package xil_defaultlib.verification
Compiling module xil_defaultlib.oscillator
Compiling module xil_defaultlib.iMemory
Compiling module xil_defaultlib.iMemory_test
Compiling module xil_defaultlib.glbl
Built simulation snapshot iMemory_test_behav
INFO: [USF-XSim-69] 'elaborate' step finished in '3' seconds
Time resolution is 1 ps

******* BEGIN TEST RESULTS *******


Test Case 1
+++ Step 1: Pass: |mem_read_data| time = 10 ns | er = 0 | ar = 0 | er_bits = 64 | ar_bits = 64 +++

Test Case 2
+++ Step 1: Pass: |mem_read_data| time = 20 ns | er = 8 | ar = 8 | er_bits = 64 | ar_bits = 64 +++

Test Case 3
+++ Step 1: Pass: |mem_read_data| time = 30 ns | er = 2 | ar = 2 | er_bits = 64 | ar_bits = 64 +++

Test Case 4
+++ Step 1: Pass: |mem_read_data| time = 40 ns | er = 0 | ar = 0 | er_bits = 64 | ar_bits = 64 +++

Test Case 5
+++ Step 1: Pass: |mem_read_data| time = 50 ns | er = 0 | ar = 0 | er_bits = 64 | ar_bits = 64 +++

Test Case 6
+++ Step 1: Pass: |mem_read_data| time = 60 ns | er = -168 | ar = -168 | er_bits = 64 | ar_bits = 64 +++

Test Case 7
+++ Step 1: Pass: |mem_read_data| time = 70 ns | er = 12345 | ar = 12345 | er_bits = 64 | ar_bits = 64 +++

Test Case 8
+++ Step 1: Pass: |mem_read_data| time = 80 ns | er = 4 | ar = 4 | er_bits = 64 | ar_bits = 64 +++

Test Case 9
+++ Step 1: Pass: |mem_read_data| time = 90 ns | er = 4 | ar = 4 | er_bits = 64 | ar_bits = 64 +++

Test Case 10
+++ Step 1: Pass: |pc_src| time = 100 ns | er = 1 | ar = 1 | er_bits = 1 | ar_bits = 1 +++

Test Case 11
+++ Step 1: Pass: |pc_src| time = 110 ns | er = 0 | ar = 0 | er_bits = 1 | ar_bits = 1 +++

Test Case 12
+++ Step 1: Pass: |pc_src| time = 120 ns | er = 0 | ar = 0 | er_bits = 1 | ar_bits = 1 +++

Test Case 13
+++ Step 1: Pass: |pc_src| time = 130 ns | er = 1 | ar = 1 | er_bits = 1 | ar_bits = 1 +++

Test Case 14
+++ Step 1: Pass: |pc_src| time = 140 ns | er = 0 | ar = 0 | er_bits = 1 | ar_bits = 1 +++

Pass Count = 14
Fail Count = 0

******* END TEST RESULTS *******

$finish called at time : 145 ns : File "C:/Users/reese/Documents/GitHub/ARM-Lab/ARM-Lab/code/4_memory/iMemory_test.sv" Line 183
relaunch_sim: Time (s): cpu = 00:00:00 ; elapsed = 00:00:09 . Memory (MB): peak = 1242.480 ; gain = 0.000
close_sim
INFO: [Simtcl 6-16] Simulation closed
exit
INFO: [Common 17-206] Exiting Vivado at Wed Apr  3 15:03:10 2024...
