Vivado Simulator v2021.2
Copyright 1986-1999, 2001-2021 Xilinx, Inc. All Rights Reserved.
Running: C:/XilinxVitis/Vivado/2021.2/bin/unwrapped/win64.o/xelab.exe --incr --debug typical --relax --mt 2 -L xil_defaultlib -L uvm -L unisims_ver -L unimacro_ver -L secureip --snapshot iFetch_test_behav xil_defaultlib.iFetch_test xil_defaultlib.glbl -log elaborate.log 
Using 2 slave threads.
Starting static elaboration
Pass Through NonSizing Optimizer
Completed static elaboration
Starting simulation data flow analysis
Completed simulation data flow analysis
Time Resolution for simulation is 1ps
Compiling package xil_defaultlib.verification
Compiling module xil_defaultlib.oscillator
Compiling module xil_defaultlib.delay
Compiling module xil_defaultlib.mux(SIZE=64)
Compiling module xil_defaultlib.register
Compiling module xil_defaultlib.instr_mem(SIZE=16)
Compiling module xil_defaultlib.adder
Compiling module xil_defaultlib.iFetch(SIZE=16)
Compiling module xil_defaultlib.iFetch_test
Compiling module xil_defaultlib.glbl
Built simulation snapshot iFetch_test_behav
